# JRE version: Java(TM) SE Runtime Environment (8.0_60-b27) (build 1.8.0_60-b27)
# Java VM: Java HotSpot(TM) 64-Bit Server VM (25.60-b23 mixed mode linux-amd64 compressed oops)
Heap:
 PSYoungGen      total 856064K, used 16258K [0x000000076d100000, 0x00000007a3480000, 0x00000007c0000000)
  eden space 824832K, 0% used [0x000000076d100000,0x000000076d100000,0x000000079f680000)
  from space 31232K, 52% used [0x000000079f680000,0x00000007a0660b00,0x00000007a1500000)
  to   space 30208K, 0% used [0x00000007a1500000,0x00000007a1500000,0x00000007a3280000)
 ParOldGen       total 171008K, used 90236K [0x00000006c7200000, 0x00000006d1900000, 0x000000076d100000)
  object space 171008K, 52% used [0x00000006c7200000,0x00000006cca1f228,0x00000006d1900000)
 Metaspace       used 15081K, capacity 15258K, committed 15616K, reserved 1062912K
  class space    used 1848K, capacity 1927K, committed 2048K, reserved 1048576K
GC Heap History (10 events):
Event: 2.467 GC heap after
Heap after GC invocations=6 (full 0):
 PSYoungGen      total 286720K, used 18059K [0x000000076d100000, 0x0000000780600000, 0x00000007c0000000)
  eden space 258048K, 0% used [0x000000076d100000,0x000000076d100000,0x000000077cd00000)
  from space 28672K, 62% used [0x000000077ea00000,0x000000077fba2d90,0x0000000780600000)
  to   space 29184K, 0% used [0x000000077cd00000,0x000000077cd00000,0x000000077e980000)
 ParOldGen       total 171008K, used 63575K [0x00000006c7200000, 0x00000006d1900000, 0x000000076d100000)
  object space 171008K, 37% used [0x00000006c7200000,0x00000006cb015f00,0x00000006d1900000)
 Metaspace       used 14553K, capacity 14746K, committed 14976K, reserved 1062912K
  class space    used 1786K, capacity 1863K, committed 1920K, reserved 1048576K
}
Event: 2.583 GC heap before
{Heap before GC invocations=7 (full 0):
 PSYoungGen      total 286720K, used 276107K [0x000000076d100000, 0x0000000780600000, 0x00000007c0000000)
  eden space 258048K, 100% used [0x000000076d100000,0x000000077cd00000,0x000000077cd00000)
  from space 28672K, 62% used [0x000000077ea00000,0x000000077fba2d90,0x0000000780600000)
  to   space 29184K, 0% used [0x000000077cd00000,0x000000077cd00000,0x000000077e980000)
 ParOldGen       total 171008K, used 68388K [0x00000006c7200000, 0x00000006d1900000, 0x000000076d100000)
  object space 171008K, 39% used [0x00000006c7200000,0x00000006cb4c9010,0x00000006d1900000)
 Metaspace       used 14638K, capacity 14810K, committed 14976K, reserved 1062912K
  class space    used 1794K, capacity 1863K, committed 1920K, reserved 1048576K
Event: 2.590 GC heap after
Heap after GC invocations=7 (full 0):
 PSYoungGen      total 287232K, used 16380K [0x000000076d100000, 0x0000000790200000, 0x00000007c0000000)
  eden space 258048K, 0% used [0x000000076d100000,0x000000076d100000,0x000000077cd00000)
  from space 29184K, 56% used [0x000000077cd00000,0x000000077dcff140,0x000000077e980000)
  to   space 29184K, 0% used [0x000000078e580000,0x000000078e580000,0x0000000790200000)
 ParOldGen       total 171008K, used 71627K [0x00000006c7200000, 0x00000006d1900000, 0x000000076d100000)
  object space 171008K, 41% used [0x00000006c7200000,0x00000006cb7f2c90,0x00000006d1900000)
 Metaspace       used 14638K, capacity 14810K, committed 14976K, reserved 1062912K
  class space    used 1794K, capacity 1863K, committed 1920K, reserved 1048576K
}
Event: 2.650 GC heap before
{Heap before GC invocations=8 (full 0):
 PSYoungGen      total 287232K, used 274428K [0x000000076d100000, 0x0000000790200000, 0x00000007c0000000)
  eden space 258048K, 100% used [0x000000076d100000,0x000000077cd00000,0x000000077cd00000)
  from space 29184K, 56% used [0x000000077cd00000,0x000000077dcff140,0x000000077e980000)
  to   space 29184K, 0% used [0x000000078e580000,0x000000078e580000,0x0000000790200000)
 ParOldGen       total 171008K, used 74505K [0x00000006c7200000, 0x00000006d1900000, 0x000000076d100000)
  object space 171008K, 43% used [0x00000006c7200000,0x00000006cbac2730,0x00000006d1900000)
 Metaspace       used 14795K, capacity 14970K, committed 15232K, reserved 1062912K
  class space    used 1818K, capacity 1895K, committed 1920K, reserved 1048576K
Event: 2.654 GC heap after
Heap after GC invocations=8 (full 0):
 PSYoungGen      total 545280K, used 15009K [0x000000076d100000, 0x0000000790200000, 0x00000007c0000000)
  eden space 516096K, 0% used [0x000000076d100000,0x000000076d100000,0x000000078c900000)
  from space 29184K, 51% used [0x000000078e580000,0x000000078f428650,0x0000000790200000)
  to   space 29184K, 0% used [0x000000078c900000,0x000000078c900000,0x000000078e580000)
 ParOldGen       total 171008K, used 76692K [0x00000006c7200000, 0x00000006d1900000, 0x000000076d100000)
  object space 171008K, 44% used [0x00000006c7200000,0x00000006cbce5180,0x00000006d1900000)
 Metaspace       used 14795K, capacity 14970K, committed 15232K, reserved 1062912K
  class space    used 1818K, capacity 1895K, committed 1920K, reserved 1048576K
}
Event: 2.825 GC heap before
{Heap before GC invocations=9 (full 0):
 PSYoungGen      total 545280K, used 531105K [0x000000076d100000, 0x0000000790200000, 0x00000007c0000000)
  eden space 516096K, 100% used [0x000000076d100000,0x000000078c900000,0x000000078c900000)
  from space 29184K, 51% used [0x000000078e580000,0x000000078f428650,0x0000000790200000)
  to   space 29184K, 0% used [0x000000078c900000,0x000000078c900000,0x000000078e580000)
 ParOldGen       total 171008K, used 79530K [0x00000006c7200000, 0x00000006d1900000, 0x000000076d100000)
  object space 171008K, 46% used [0x00000006c7200000,0x00000006cbfaab80,0x00000006d1900000)
 Metaspace       used 15060K, capacity 15258K, committed 15616K, reserved 1062912K
  class space    used 1847K, capacity 1927K, committed 2048K, reserved 1048576K
Event: 2.829 GC heap after
Heap after GC invocations=9 (full 0):
 PSYoungGen      total 545280K, used 8075K [0x000000076d100000, 0x00000007a3280000, 0x00000007c0000000)
  eden space 516096K, 0% used [0x000000076d100000,0x000000076d100000,0x000000078c900000)
  from space 29184K, 27% used [0x000000078c900000,0x000000078d0e2cf8,0x000000078e580000)
  to   space 30208K, 0% used [0x00000007a1500000,0x00000007a1500000,0x00000007a3280000)
 ParOldGen       total 171008K, used 83729K [0x00000006c7200000, 0x00000006d1900000, 0x000000076d100000)
  object space 171008K, 48% used [0x00000006c7200000,0x00000006cc3c4450,0x00000006d1900000)
 Metaspace       used 15060K, capacity 15258K, committed 15616K, reserved 1062912K
  class space    used 1847K, capacity 1927K, committed 2048K, reserved 1048576K
}
Event: 2.941 GC heap before
{Heap before GC invocations=10 (full 0):
 PSYoungGen      total 545280K, used 524171K [0x000000076d100000, 0x00000007a3280000, 0x00000007c0000000)
  eden space 516096K, 100% used [0x000000076d100000,0x000000078c900000,0x000000078c900000)
  from space 29184K, 27% used [0x000000078c900000,0x000000078d0e2cf8,0x000000078e580000)
  to   space 30208K, 0% used [0x00000007a1500000,0x00000007a1500000,0x00000007a3280000)
 ParOldGen       total 171008K, used 85265K [0x00000006c7200000, 0x00000006d1900000, 0x000000076d100000)
  object space 171008K, 49% used [0x00000006c7200000,0x00000006cc544470,0x00000006d1900000)
 Metaspace       used 15074K, capacity 15258K, committed 15616K, reserved 1062912K
  class space    used 1848K, capacity 1927K, committed 2048K, reserved 1048576K
Event: 2.943 GC heap after
Heap after GC invocations=10 (full 0):
 PSYoungGen      total 855040K, used 7664K [0x000000076d100000, 0x00000007a3480000, 0x00000007c0000000)
  eden space 824832K, 0% used [0x000000076d100000,0x000000076d100000,0x000000079f680000)
  from space 30208K, 25% used [0x00000007a1500000,0x00000007a1c7c330,0x00000007a3280000)
  to   space 31232K, 0% used [0x000000079f680000,0x000000079f680000,0x00000007a1500000)
 ParOldGen       total 171008K, used 86473K [0x00000006c7200000, 0x00000006d1900000, 0x000000076d100000)
  object space 171008K, 50% used [0x00000006c7200000,0x00000006cc6724b8,0x00000006d1900000)
 Metaspace       used 15074K, capacity 15258K, committed 15616K, reserved 1062912K
  class space    used 1848K, capacity 1927K, committed 2048K, reserved 1048576K
}
Event: 3.396 GC heap before
{Heap before GC invocations=11 (full 0):
 PSYoungGen      total 855040K, used 832496K [0x000000076d100000, 0x00000007a3480000, 0x00000007c0000000)
  eden space 824832K, 100% used [0x000000076d100000,0x000000079f680000,0x000000079f680000)
  from space 30208K, 25% used [0x00000007a1500000,0x00000007a1c7c330,0x00000007a3280000)
  to   space 31232K, 0% used [0x000000079f680000,0x000000079f680000,0x00000007a1500000)
 ParOldGen       total 171008K, used 87074K [0x00000006c7200000, 0x00000006d1900000, 0x000000076d100000)
  object space 171008K, 50% used [0x00000006c7200000,0x00000006cc7089b8,0x00000006d1900000)
 Metaspace       used 15081K, capacity 15258K, committed 15616K, reserved 1062912K
  class space    used 1848K, capacity 1927K, committed 2048K, reserved 1048576K

