# JRE version: Java(TM) SE Runtime Environment (8.0_60-b27) (build 1.8.0_60-b27)
# Java VM: Java HotSpot(TM) 64-Bit Server VM (25.60-b23 mixed mode linux-amd64 compressed oops)
Heap:
 PSYoungGen      total 874496K, used 18200K [0x000000076d100000, 0x00000007a5680000, 0x00000007c0000000)
  eden space 825856K, 0% used [0x000000076d100000,0x000000076d100000,0x000000079f780000)
  from space 48640K, 37% used [0x000000079f780000,0x00000007a09461d0,0x00000007a2700000)
  to   space 47104K, 0% used [0x00000007a2880000,0x00000007a2880000,0x00000007a5680000)
 ParOldGen       total 171008K, used 121202K [0x00000006c7200000, 0x00000006d1900000, 0x000000076d100000)
  object space 171008K, 70% used [0x00000006c7200000,0x00000006ce85c950,0x00000006d1900000)
 Metaspace       used 14675K, capacity 14826K, committed 14976K, reserved 1062912K
  class space    used 1802K, capacity 1851K, committed 1920K, reserved 1048576K
GC Heap History (10 events):
Event: 1.952 GC heap after
Heap after GC invocations=6 (full 0):
 PSYoungGen      total 312832K, used 14237K [0x000000076d100000, 0x0000000783a00000, 0x00000007c0000000)
  eden space 258048K, 0% used [0x000000076d100000,0x000000076d100000,0x000000077cd00000)
  from space 54784K, 25% used [0x0000000780480000,0x0000000781267450,0x0000000783a00000)
  to   space 55808K, 0% used [0x000000077cd00000,0x000000077cd00000,0x0000000780380000)
 ParOldGen       total 171008K, used 98967K [0x00000006c7200000, 0x00000006d1900000, 0x000000076d100000)
  object space 171008K, 57% used [0x00000006c7200000,0x00000006cd2a5c68,0x00000006d1900000)
 Metaspace       used 14233K, capacity 14410K, committed 14720K, reserved 1062912K
  class space    used 1750K, capacity 1819K, committed 1920K, reserved 1048576K
}
Event: 2.023 GC heap before
{Heap before GC invocations=7 (full 0):
 PSYoungGen      total 312832K, used 272285K [0x000000076d100000, 0x0000000783a00000, 0x00000007c0000000)
  eden space 258048K, 100% used [0x000000076d100000,0x000000077cd00000,0x000000077cd00000)
  from space 54784K, 25% used [0x0000000780480000,0x0000000781267450,0x0000000783a00000)
  to   space 55808K, 0% used [0x000000077cd00000,0x000000077cd00000,0x0000000780380000)
 ParOldGen       total 171008K, used 104051K [0x00000006c7200000, 0x00000006d1900000, 0x000000076d100000)
  object space 171008K, 60% used [0x00000006c7200000,0x00000006cd79cfd0,0x00000006d1900000)
 Metaspace       used 14539K, capacity 14698K, committed 14976K, reserved 1062912K
  class space    used 1795K, capacity 1851K, committed 1920K, reserved 1048576K
Event: 2.035 GC heap after
Heap after GC invocations=7 (full 0):
 PSYoungGen      total 313856K, used 27983K [0x000000076d100000, 0x0000000793000000, 0x00000007c0000000)
  eden space 258048K, 0% used [0x000000076d100000,0x000000076d100000,0x000000077cd00000)
  from space 55808K, 50% used [0x000000077cd00000,0x000000077e853d08,0x0000000780380000)
  to   space 52736K, 0% used [0x000000078fc80000,0x000000078fc80000,0x0000000793000000)
 ParOldGen       total 171008K, used 106016K [0x00000006c7200000, 0x00000006d1900000, 0x000000076d100000)
  object space 171008K, 61% used [0x00000006c7200000,0x00000006cd9882f0,0x00000006d1900000)
 Metaspace       used 14539K, capacity 14698K, committed 14976K, reserved 1062912K
  class space    used 1795K, capacity 1851K, committed 1920K, reserved 1048576K
}
Event: 2.097 GC heap before
{Heap before GC invocations=8 (full 0):
 PSYoungGen      total 313856K, used 286031K [0x000000076d100000, 0x0000000793000000, 0x00000007c0000000)
  eden space 258048K, 100% used [0x000000076d100000,0x000000077cd00000,0x000000077cd00000)
  from space 55808K, 50% used [0x000000077cd00000,0x000000077e853d08,0x0000000780380000)
  to   space 52736K, 0% used [0x000000078fc80000,0x000000078fc80000,0x0000000793000000)
 ParOldGen       total 171008K, used 108138K [0x00000006c7200000, 0x00000006d1900000, 0x000000076d100000)
  object space 171008K, 63% used [0x00000006c7200000,0x00000006cdb9a8b0,0x00000006d1900000)
 Metaspace       used 14625K, capacity 14762K, committed 14976K, reserved 1062912K
  class space    used 1802K, capacity 1851K, committed 1920K, reserved 1048576K
Event: 2.111 GC heap after
Heap after GC invocations=8 (full 0):
 PSYoungGen      total 563712K, used 22470K [0x000000076d100000, 0x0000000792b00000, 0x00000007c0000000)
  eden space 516096K, 0% used [0x000000076d100000,0x000000076d100000,0x000000078c900000)
  from space 47616K, 47% used [0x000000078fc80000,0x0000000791271b98,0x0000000792b00000)
  to   space 50176K, 0% used [0x000000078c900000,0x000000078c900000,0x000000078fa00000)
 ParOldGen       total 171008K, used 108330K [0x00000006c7200000, 0x00000006d1900000, 0x000000076d100000)
  object space 171008K, 63% used [0x00000006c7200000,0x00000006cdbca8b0,0x00000006d1900000)
 Metaspace       used 14625K, capacity 14762K, committed 14976K, reserved 1062912K
  class space    used 1802K, capacity 1851K, committed 1920K, reserved 1048576K
}
Event: 2.246 GC heap before
{Heap before GC invocations=9 (full 0):
 PSYoungGen      total 563712K, used 538566K [0x000000076d100000, 0x0000000792b00000, 0x00000007c0000000)
  eden space 516096K, 100% used [0x000000076d100000,0x000000078c900000,0x000000078c900000)
  from space 47616K, 47% used [0x000000078fc80000,0x0000000791271b98,0x0000000792b00000)
  to   space 50176K, 0% used [0x000000078c900000,0x000000078c900000,0x000000078fa00000)
 ParOldGen       total 171008K, used 111524K [0x00000006c7200000, 0x00000006d1900000, 0x000000076d100000)
  object space 171008K, 65% used [0x00000006c7200000,0x00000006cdee9120,0x00000006d1900000)
 Metaspace       used 14654K, capacity 14762K, committed 14976K, reserved 1062912K
  class space    used 1802K, capacity 1851K, committed 1920K, reserved 1048576K
Event: 2.259 GC heap after
Heap after GC invocations=9 (full 0):
 PSYoungGen      total 566272K, used 10684K [0x000000076d100000, 0x00000007a5980000, 0x00000007c0000000)
  eden space 516096K, 0% used [0x000000076d100000,0x000000076d100000,0x000000078c900000)
  from space 50176K, 21% used [0x000000078c900000,0x000000078d36f0f8,0x000000078fa00000)
  to   space 50176K, 0% used [0x00000007a2880000,0x00000007a2880000,0x00000007a5980000)
 ParOldGen       total 171008K, used 115960K [0x00000006c7200000, 0x00000006d1900000, 0x000000076d100000)
  object space 171008K, 67% used [0x00000006c7200000,0x00000006ce33e298,0x00000006d1900000)
 Metaspace       used 14654K, capacity 14762K, committed 14976K, reserved 1062912K
  class space    used 1802K, capacity 1851K, committed 1920K, reserved 1048576K
}
Event: 2.364 GC heap before
{Heap before GC invocations=10 (full 0):
 PSYoungGen      total 566272K, used 526780K [0x000000076d100000, 0x00000007a5980000, 0x00000007c0000000)
  eden space 516096K, 100% used [0x000000076d100000,0x000000078c900000,0x000000078c900000)
  from space 50176K, 21% used [0x000000078c900000,0x000000078d36f0f8,0x000000078fa00000)
  to   space 50176K, 0% used [0x00000007a2880000,0x00000007a2880000,0x00000007a5980000)
 ParOldGen       total 171008K, used 118705K [0x00000006c7200000, 0x00000006d1900000, 0x000000076d100000)
  object space 171008K, 69% used [0x00000006c7200000,0x00000006ce5ec558,0x00000006d1900000)
 Metaspace       used 14657K, capacity 14762K, committed 14976K, reserved 1062912K
  class space    used 1802K, capacity 1851K, committed 1920K, reserved 1048576K
Event: 2.376 GC heap after
Heap after GC invocations=10 (full 0):
 PSYoungGen      total 872960K, used 18524K [0x000000076d100000, 0x00000007a5680000, 0x00000007c0000000)
  eden space 825856K, 0% used [0x000000076d100000,0x000000076d100000,0x000000079f780000)
  from space 47104K, 39% used [0x00000007a2880000,0x00000007a3a970e8,0x00000007a5680000)
  to   space 48640K, 0% used [0x000000079f780000,0x000000079f780000,0x00000007a2700000)
 ParOldGen       total 171008K, used 119193K [0x00000006c7200000, 0x00000006d1900000, 0x000000076d100000)
  object space 171008K, 69% used [0x00000006c7200000,0x00000006ce6665a0,0x00000006d1900000)
 Metaspace       used 14657K, capacity 14762K, committed 14976K, reserved 1062912K
  class space    used 1802K, capacity 1851K, committed 1920K, reserved 1048576K
}
Event: 3.104 GC heap before
{Heap before GC invocations=11 (full 0):
 PSYoungGen      total 872960K, used 844380K [0x000000076d100000, 0x00000007a5680000, 0x00000007c0000000)
  eden space 825856K, 100% used [0x000000076d100000,0x000000079f780000,0x000000079f780000)
  from space 47104K, 39% used [0x00000007a2880000,0x00000007a3a970e8,0x00000007a5680000)
  to   space 48640K, 0% used [0x000000079f780000,0x000000079f780000,0x00000007a2700000)
 ParOldGen       total 171008K, used 119930K [0x00000006c7200000, 0x00000006d1900000, 0x000000076d100000)
  object space 171008K, 70% used [0x00000006c7200000,0x00000006ce71e8c0,0x00000006d1900000)
 Metaspace       used 14675K, capacity 14826K, committed 14976K, reserved 1062912K
  class space    used 1802K, capacity 1851K, committed 1920K, reserved 1048576K

