# JRE version: Java(TM) SE Runtime Environment (8.0_60-b27) (build 1.8.0_60-b27)
# Java VM: Java HotSpot(TM) 64-Bit Server VM (25.60-b23 mixed mode linux-amd64 compressed oops)
Heap:
 PSYoungGen      total 862720K, used 9035K [0x000000076d100000, 0x00000007a4080000, 0x00000007c0000000)
  eden space 825344K, 0% used [0x000000076d100000,0x000000076d100000,0x000000079f700000)
  from space 37376K, 24% used [0x000000079f700000,0x000000079ffd2da0,0x00000007a1b80000)
  to   space 36864K, 0% used [0x00000007a1b80000,0x00000007a1b80000,0x00000007a3f80000)
 ParOldGen       total 171008K, used 92712K [0x00000006c7200000, 0x00000006d1900000, 0x000000076d100000)
  object space 171008K, 54% used [0x00000006c7200000,0x00000006ccc8a2f0,0x00000006d1900000)
 Metaspace       used 15126K, capacity 15270K, committed 15616K, reserved 1062912K
  class space    used 1851K, capacity 1929K, committed 2048K, reserved 1048576K
GC Heap History (10 events):
Event: 2.357 GC heap after
Heap after GC invocations=6 (full 0):
 PSYoungGen      total 296448K, used 12369K [0x000000076d100000, 0x0000000781800000, 0x00000007c0000000)
  eden space 258048K, 0% used [0x000000076d100000,0x000000076d100000,0x000000077cd00000)
  from space 38400K, 32% used [0x000000077f280000,0x000000077fe94790,0x0000000781800000)
  to   space 38400K, 0% used [0x000000077cd00000,0x000000077cd00000,0x000000077f280000)
 ParOldGen       total 171008K, used 69618K [0x00000006c7200000, 0x00000006d1900000, 0x000000076d100000)
  object space 171008K, 40% used [0x00000006c7200000,0x00000006cb5fc818,0x00000006d1900000)
 Metaspace       used 14746K, capacity 14982K, committed 15232K, reserved 1062912K
  class space    used 1807K, capacity 1897K, committed 1920K, reserved 1048576K
}
Event: 2.445 GC heap before
{Heap before GC invocations=7 (full 0):
 PSYoungGen      total 296448K, used 270417K [0x000000076d100000, 0x0000000781800000, 0x00000007c0000000)
  eden space 258048K, 100% used [0x000000076d100000,0x000000077cd00000,0x000000077cd00000)
  from space 38400K, 32% used [0x000000077f280000,0x000000077fe94790,0x0000000781800000)
  to   space 38400K, 0% used [0x000000077cd00000,0x000000077cd00000,0x000000077f280000)
 ParOldGen       total 171008K, used 73112K [0x00000006c7200000, 0x00000006d1900000, 0x000000076d100000)
  object space 171008K, 42% used [0x00000006c7200000,0x00000006cb966198,0x00000006d1900000)
 Metaspace       used 15076K, capacity 15270K, committed 15616K, reserved 1062912K
  class space    used 1849K, capacity 1929K, committed 2048K, reserved 1048576K
Event: 2.469 GC heap after
Heap after GC invocations=7 (full 0):
 PSYoungGen      total 296448K, used 11232K [0x000000076d100000, 0x0000000791400000, 0x00000007c0000000)
  eden space 258048K, 0% used [0x000000076d100000,0x000000076d100000,0x000000077cd00000)
  from space 38400K, 29% used [0x000000077cd00000,0x000000077d7f8058,0x000000077f280000)
  to   space 38400K, 0% used [0x000000078ee80000,0x000000078ee80000,0x0000000791400000)
 ParOldGen       total 171008K, used 76265K [0x00000006c7200000, 0x00000006d1900000, 0x000000076d100000)
  object space 171008K, 44% used [0x00000006c7200000,0x00000006cbc7a558,0x00000006d1900000)
 Metaspace       used 15076K, capacity 15270K, committed 15616K, reserved 1062912K
  class space    used 1849K, capacity 1929K, committed 2048K, reserved 1048576K
}
Event: 2.535 GC heap before
{Heap before GC invocations=8 (full 0):
 PSYoungGen      total 296448K, used 269280K [0x000000076d100000, 0x0000000791400000, 0x00000007c0000000)
  eden space 258048K, 100% used [0x000000076d100000,0x000000077cd00000,0x000000077cd00000)
  from space 38400K, 29% used [0x000000077cd00000,0x000000077d7f8058,0x000000077f280000)
  to   space 38400K, 0% used [0x000000078ee80000,0x000000078ee80000,0x0000000791400000)
 ParOldGen       total 171008K, used 77683K [0x00000006c7200000, 0x00000006d1900000, 0x000000076d100000)
  object space 171008K, 45% used [0x00000006c7200000,0x00000006cbddcfd8,0x00000006d1900000)
 Metaspace       used 15088K, capacity 15270K, committed 15616K, reserved 1062912K
  class space    used 1849K, capacity 1929K, committed 2048K, reserved 1048576K
Event: 2.539 GC heap after
Heap after GC invocations=8 (full 0):
 PSYoungGen      total 552448K, used 14654K [0x000000076d100000, 0x0000000791200000, 0x00000007c0000000)
  eden space 516096K, 0% used [0x000000076d100000,0x000000076d100000,0x000000078c900000)
  from space 36352K, 40% used [0x000000078ee80000,0x000000078fccfaa0,0x0000000791200000)
  to   space 37376K, 0% used [0x000000078c900000,0x000000078c900000,0x000000078ed80000)
 ParOldGen       total 171008K, used 77811K [0x00000006c7200000, 0x00000006d1900000, 0x000000076d100000)
  object space 171008K, 45% used [0x00000006c7200000,0x00000006cbdfcfd8,0x00000006d1900000)
 Metaspace       used 15088K, capacity 15270K, committed 15616K, reserved 1062912K
  class space    used 1849K, capacity 1929K, committed 2048K, reserved 1048576K
}
Event: 2.706 GC heap before
{Heap before GC invocations=9 (full 0):
 PSYoungGen      total 552448K, used 530750K [0x000000076d100000, 0x0000000791200000, 0x00000007c0000000)
  eden space 516096K, 100% used [0x000000076d100000,0x000000078c900000,0x000000078c900000)
  from space 36352K, 40% used [0x000000078ee80000,0x000000078fccfaa0,0x0000000791200000)
  to   space 37376K, 0% used [0x000000078c900000,0x000000078c900000,0x000000078ed80000)
 ParOldGen       total 171008K, used 77838K [0x00000006c7200000, 0x00000006d1900000, 0x000000076d100000)
  object space 171008K, 45% used [0x00000006c7200000,0x00000006cbe03ad8,0x00000006d1900000)
 Metaspace       used 15110K, capacity 15270K, committed 15616K, reserved 1062912K
  class space    used 1849K, capacity 1929K, committed 2048K, reserved 1048576K
Event: 2.712 GC heap after
Heap after GC invocations=9 (full 0):
 PSYoungGen      total 553472K, used 10753K [0x000000076d100000, 0x00000007a3f80000, 0x00000007c0000000)
  eden space 516096K, 0% used [0x000000076d100000,0x000000076d100000,0x000000078c900000)
  from space 37376K, 28% used [0x000000078c900000,0x000000078d380660,0x000000078ed80000)
  to   space 36864K, 0% used [0x00000007a1b80000,0x00000007a1b80000,0x00000007a3f80000)
 ParOldGen       total 171008K, used 83685K [0x00000006c7200000, 0x00000006d1900000, 0x000000076d100000)
  object space 171008K, 48% used [0x00000006c7200000,0x00000006cc3b9740,0x00000006d1900000)
 Metaspace       used 15110K, capacity 15270K, committed 15616K, reserved 1062912K
  class space    used 1849K, capacity 1929K, committed 2048K, reserved 1048576K
}
Event: 2.815 GC heap before
{Heap before GC invocations=10 (full 0):
 PSYoungGen      total 553472K, used 526849K [0x000000076d100000, 0x00000007a3f80000, 0x00000007c0000000)
  eden space 516096K, 100% used [0x000000076d100000,0x000000078c900000,0x000000078c900000)
  from space 37376K, 28% used [0x000000078c900000,0x000000078d380660,0x000000078ed80000)
  to   space 36864K, 0% used [0x00000007a1b80000,0x00000007a1b80000,0x00000007a3f80000)
 ParOldGen       total 171008K, used 87437K [0x00000006c7200000, 0x00000006d1900000, 0x000000076d100000)
  object space 171008K, 51% used [0x00000006c7200000,0x00000006cc763660,0x00000006d1900000)
 Metaspace       used 15120K, capacity 15270K, committed 15616K, reserved 1062912K
  class space    used 1851K, capacity 1929K, committed 2048K, reserved 1048576K
Event: 2.816 GC heap after
Heap after GC invocations=10 (full 0):
 PSYoungGen      total 862208K, used 3264K [0x000000076d100000, 0x00000007a4080000, 0x00000007c0000000)
  eden space 825344K, 0% used [0x000000076d100000,0x000000076d100000,0x000000079f700000)
  from space 36864K, 8% used [0x00000007a1b80000,0x00000007a1eb0010,0x00000007a3f80000)
  to   space 37376K, 0% used [0x000000079f700000,0x000000079f700000,0x00000007a1b80000)
 ParOldGen       total 171008K, used 89583K [0x00000006c7200000, 0x00000006d1900000, 0x000000076d100000)
  object space 171008K, 52% used [0x00000006c7200000,0x00000006cc97bed0,0x00000006d1900000)
 Metaspace       used 15120K, capacity 15270K, committed 15616K, reserved 1062912K
  class space    used 1851K, capacity 1929K, committed 2048K, reserved 1048576K
}
Event: 3.685 GC heap before
{Heap before GC invocations=11 (full 0):
 PSYoungGen      total 862208K, used 828608K [0x000000076d100000, 0x00000007a4080000, 0x00000007c0000000)
  eden space 825344K, 100% used [0x000000076d100000,0x000000079f700000,0x000000079f700000)
  from space 36864K, 8% used [0x00000007a1b80000,0x00000007a1eb0010,0x00000007a3f80000)
  to   space 37376K, 0% used [0x000000079f700000,0x000000079f700000,0x00000007a1b80000)
 ParOldGen       total 171008K, used 89632K [0x00000006c7200000, 0x00000006d1900000, 0x000000076d100000)
  object space 171008K, 52% used [0x00000006c7200000,0x00000006cc9882f0,0x00000006d1900000)
 Metaspace       used 15126K, capacity 15270K, committed 15616K, reserved 1062912K
  class space    used 1851K, capacity 1929K, committed 2048K, reserved 1048576K

