# JRE version: Java(TM) SE Runtime Environment (8.0_60-b27) (build 1.8.0_60-b27)
# Java VM: Java HotSpot(TM) 64-Bit Server VM (25.60-b23 mixed mode linux-amd64 compressed oops)
Heap:
 PSYoungGen      total 868352K, used 3171K [0x000000076d100000, 0x00000007a5000000, 0x00000007c0000000)
  eden space 820736K, 0% used [0x000000076d100000,0x000000076d100000,0x000000079f280000)
  from space 47616K, 6% used [0x000000079f280000,0x000000079f598e60,0x00000007a2100000)
  to   space 47104K, 0% used [0x00000007a2100000,0x00000007a2100000,0x00000007a4f00000)
 ParOldGen       total 171008K, used 110404K [0x00000006c7200000, 0x00000006d1900000, 0x000000076d100000)
  object space 171008K, 64% used [0x00000006c7200000,0x00000006cddd1330,0x00000006d1900000)
 Metaspace       used 14661K, capacity 14826K, committed 14976K, reserved 1062912K
  class space    used 1802K, capacity 1851K, committed 1920K, reserved 1048576K
GC Heap History (10 events):
Event: 11.596 GC heap after
Heap after GC invocations=6 (full 0):
 PSYoungGen      total 303104K, used 11528K [0x000000076d100000, 0x0000000782b00000, 0x00000007c0000000)
  eden space 256512K, 0% used [0x000000076d100000,0x000000076d100000,0x000000077cb80000)
  from space 46592K, 24% used [0x000000077fa80000,0x00000007805c21d8,0x0000000782800000)
  to   space 48128K, 0% used [0x000000077cb80000,0x000000077cb80000,0x000000077fa80000)
 ParOldGen       total 171008K, used 94236K [0x00000006c7200000, 0x00000006d1900000, 0x000000076d100000)
  object space 171008K, 55% used [0x00000006c7200000,0x00000006cce070a8,0x00000006d1900000)
 Metaspace       used 14262K, capacity 14410K, committed 14720K, reserved 1062912K
  class space    used 1755K, capacity 1819K, committed 1920K, reserved 1048576K
}
Event: 11.656 GC heap before
{Heap before GC invocations=7 (full 0):
 PSYoungGen      total 303104K, used 268040K [0x000000076d100000, 0x0000000782b00000, 0x00000007c0000000)
  eden space 256512K, 100% used [0x000000076d100000,0x000000077cb80000,0x000000077cb80000)
  from space 46592K, 24% used [0x000000077fa80000,0x00000007805c21d8,0x0000000782800000)
  to   space 48128K, 0% used [0x000000077cb80000,0x000000077cb80000,0x000000077fa80000)
 ParOldGen       total 171008K, used 98676K [0x00000006c7200000, 0x00000006d1900000, 0x000000076d100000)
  object space 171008K, 57% used [0x00000006c7200000,0x00000006cd25d248,0x00000006d1900000)
 Metaspace       used 14411K, capacity 14570K, committed 14720K, reserved 1062912K
  class space    used 1784K, capacity 1851K, committed 1920K, reserved 1048576K
Event: 11.662 GC heap after
Heap after GC invocations=7 (full 0):
 PSYoungGen      total 304640K, used 14172K [0x000000076d100000, 0x0000000792300000, 0x00000007c0000000)
  eden space 256512K, 0% used [0x000000076d100000,0x000000076d100000,0x000000077cb80000)
  from space 48128K, 29% used [0x000000077cb80000,0x000000077d957108,0x000000077fa80000)
  to   space 47616K, 0% used [0x000000078f480000,0x000000078f480000,0x0000000792300000)
 ParOldGen       total 171008K, used 99630K [0x00000006c7200000, 0x00000006d1900000, 0x000000076d100000)
  object space 171008K, 58% used [0x00000006c7200000,0x00000006cd34b848,0x00000006d1900000)
 Metaspace       used 14411K, capacity 14570K, committed 14720K, reserved 1062912K
  class space    used 1784K, capacity 1851K, committed 1920K, reserved 1048576K
}
Event: 11.714 GC heap before
{Heap before GC invocations=8 (full 0):
 PSYoungGen      total 304640K, used 270684K [0x000000076d100000, 0x0000000792300000, 0x00000007c0000000)
  eden space 256512K, 100% used [0x000000076d100000,0x000000077cb80000,0x000000077cb80000)
  from space 48128K, 29% used [0x000000077cb80000,0x000000077d957108,0x000000077fa80000)
  to   space 47616K, 0% used [0x000000078f480000,0x000000078f480000,0x0000000792300000)
 ParOldGen       total 171008K, used 99630K [0x00000006c7200000, 0x00000006d1900000, 0x000000076d100000)
  object space 171008K, 58% used [0x00000006c7200000,0x00000006cd34b848,0x00000006d1900000)
 Metaspace       used 14451K, capacity 14634K, committed 14976K, reserved 1062912K
  class space    used 1789K, capacity 1851K, committed 1920K, reserved 1048576K
Event: 11.718 GC heap after
Heap after GC invocations=8 (full 0):
 PSYoungGen      total 560640K, used 10725K [0x000000076d100000, 0x0000000792300000, 0x00000007c0000000)
  eden space 513024K, 0% used [0x000000076d100000,0x000000076d100000,0x000000078c600000)
  from space 47616K, 22% used [0x000000078f480000,0x000000078fef9420,0x0000000792300000)
  to   space 47616K, 0% used [0x000000078c600000,0x000000078c600000,0x000000078f480000)
 ParOldGen       total 171008K, used 99850K [0x00000006c7200000, 0x00000006d1900000, 0x000000076d100000)
  object space 171008K, 58% used [0x00000006c7200000,0x00000006cd382858,0x00000006d1900000)
 Metaspace       used 14451K, capacity 14634K, committed 14976K, reserved 1062912K
  class space    used 1789K, capacity 1851K, committed 1920K, reserved 1048576K
}
Event: 11.846 GC heap before
{Heap before GC invocations=9 (full 0):
 PSYoungGen      total 560640K, used 522989K [0x000000076d100000, 0x0000000792300000, 0x00000007c0000000)
  eden space 513024K, 99% used [0x000000076d100000,0x000000078c542368,0x000000078c600000)
  from space 47616K, 22% used [0x000000078f480000,0x000000078fef9420,0x0000000792300000)
  to   space 47616K, 0% used [0x000000078c600000,0x000000078c600000,0x000000078f480000)
 ParOldGen       total 171008K, used 99850K [0x00000006c7200000, 0x00000006d1900000, 0x000000076d100000)
  object space 171008K, 58% used [0x00000006c7200000,0x00000006cd382858,0x00000006d1900000)
 Metaspace       used 14634K, capacity 14762K, committed 14976K, reserved 1062912K
  class space    used 1802K, capacity 1851K, committed 1920K, reserved 1048576K
Event: 11.855 GC heap after
Heap after GC invocations=9 (full 0):
 PSYoungGen      total 560640K, used 9974K [0x000000076d100000, 0x00000007a4f00000, 0x00000007c0000000)
  eden space 513024K, 0% used [0x000000076d100000,0x000000076d100000,0x000000078c600000)
  from space 47616K, 20% used [0x000000078c600000,0x000000078cfbda98,0x000000078f480000)
  to   space 47104K, 0% used [0x00000007a2100000,0x00000007a2100000,0x00000007a4f00000)
 ParOldGen       total 171008K, used 108162K [0x00000006c7200000, 0x00000006d1900000, 0x000000076d100000)
  object space 171008K, 63% used [0x00000006c7200000,0x00000006cdba08c0,0x00000006d1900000)
 Metaspace       used 14634K, capacity 14762K, committed 14976K, reserved 1062912K
  class space    used 1802K, capacity 1851K, committed 1920K, reserved 1048576K
}
Event: 11.988 GC heap before
{Heap before GC invocations=10 (full 0):
 PSYoungGen      total 560640K, used 522982K [0x000000076d100000, 0x00000007a4f00000, 0x00000007c0000000)
  eden space 513024K, 99% used [0x000000076d100000,0x000000078c5fbd90,0x000000078c600000)
  from space 47616K, 20% used [0x000000078c600000,0x000000078cfbda98,0x000000078f480000)
  to   space 47104K, 0% used [0x00000007a2100000,0x00000007a2100000,0x00000007a4f00000)
 ParOldGen       total 171008K, used 108162K [0x00000006c7200000, 0x00000006d1900000, 0x000000076d100000)
  object space 171008K, 63% used [0x00000006c7200000,0x00000006cdba08c0,0x00000006d1900000)
 Metaspace       used 14655K, capacity 14762K, committed 14976K, reserved 1062912K
  class space    used 1802K, capacity 1851K, committed 1920K, reserved 1048576K
Event: 11.993 GC heap after
Heap after GC invocations=10 (full 0):
 PSYoungGen      total 867840K, used 4250K [0x000000076d100000, 0x00000007a5000000, 0x00000007c0000000)
  eden space 820736K, 0% used [0x000000076d100000,0x000000076d100000,0x000000079f280000)
  from space 47104K, 9% used [0x00000007a2100000,0x00000007a2526a70,0x00000007a4f00000)
  to   space 47616K, 0% used [0x000000079f280000,0x000000079f280000,0x00000007a2100000)
 ParOldGen       total 171008K, used 108618K [0x00000006c7200000, 0x00000006d1900000, 0x000000076d100000)
  object space 171008K, 63% used [0x00000006c7200000,0x00000006cdc128c0,0x00000006d1900000)
 Metaspace       used 14655K, capacity 14762K, committed 14976K, reserved 1062912K
  class space    used 1802K, capacity 1851K, committed 1920K, reserved 1048576K
}
Event: 12.232 GC heap before
{Heap before GC invocations=11 (full 0):
 PSYoungGen      total 867840K, used 824986K [0x000000076d100000, 0x00000007a5000000, 0x00000007c0000000)
  eden space 820736K, 100% used [0x000000076d100000,0x000000079f280000,0x000000079f280000)
  from space 47104K, 9% used [0x00000007a2100000,0x00000007a2526a70,0x00000007a4f00000)
  to   space 47616K, 0% used [0x000000079f280000,0x000000079f280000,0x00000007a2100000)
 ParOldGen       total 171008K, used 108618K [0x00000006c7200000, 0x00000006d1900000, 0x000000076d100000)
  object space 171008K, 63% used [0x00000006c7200000,0x00000006cdc128c0,0x00000006d1900000)
 Metaspace       used 14661K, capacity 14826K, committed 14976K, reserved 1062912K
  class space    used 1802K, capacity 1851K, committed 1920K, reserved 1048576K

