# JRE version: Java(TM) SE Runtime Environment (8.0_60-b27) (build 1.8.0_60-b27)
# Java VM: Java HotSpot(TM) 64-Bit Server VM (25.60-b23 mixed mode linux-amd64 compressed oops)
Heap:
 PSYoungGen      total 931840K, used 0K [0x000000076ab00000, 0x00000007c0000000, 0x00000007c0000000)
  eden space 465920K, 0% used [0x000000076ab00000,0x000000076ab00000,0x0000000787200000)
  from space 465920K, 0% used [0x00000007a3900000,0x00000007a3900000,0x00000007c0000000)
  to   space 465920K, 9% used [0x0000000787200000,0x0000000789b3c270,0x00000007a3900000)
 ParOldGen       total 1426432K, used 1426127K [0x00000006c0000000, 0x0000000717100000, 0x000000076ab00000)
  object space 1426432K, 99% used [0x00000006c0000000,0x00000007170b3c08,0x0000000717100000)
 Metaspace       used 7814K, capacity 7976K, committed 8192K, reserved 1056768K
  class space    used 861K, capacity 932K, committed 1024K, reserved 1048576K
GC Heap History (10 events):
Event: 18.214 GC heap after
Heap after GC invocations=24 (full 6):
 PSYoungGen      total 931840K, used 172511K [0x000000076ab00000, 0x00000007c0000000, 0x00000007c0000000)
  eden space 465920K, 0% used [0x000000076ab00000,0x000000076ab00000,0x0000000787200000)
  from space 465920K, 37% used [0x00000007a3900000,0x00000007ae177d00,0x00000007c0000000)
  to   space 465920K, 0% used [0x0000000787200000,0x0000000787200000,0x00000007a3900000)
 ParOldGen       total 1809408K, used 1672567K [0x00000006c0000000, 0x000000072e700000, 0x000000076ab00000)
  object space 1809408K, 92% used [0x00000006c0000000,0x000000072615dd08,0x000000072e700000)
 Metaspace       used 7813K, capacity 7976K, committed 8192K, reserved 1056768K
  class space    used 861K, capacity 932K, committed 1024K, reserved 1048576K
}
Event: 18.214 GC heap before
{Heap before GC invocations=25 (full 7):
 PSYoungGen      total 931840K, used 172511K [0x000000076ab00000, 0x00000007c0000000, 0x00000007c0000000)
  eden space 465920K, 0% used [0x000000076ab00000,0x000000076ab00000,0x0000000787200000)
  from space 465920K, 37% used [0x00000007a3900000,0x00000007ae177d00,0x00000007c0000000)
  to   space 465920K, 0% used [0x0000000787200000,0x0000000787200000,0x00000007a3900000)
 ParOldGen       total 1809408K, used 1672567K [0x00000006c0000000, 0x000000072e700000, 0x000000076ab00000)
  object space 1809408K, 92% used [0x00000006c0000000,0x000000072615dd08,0x000000072e700000)
 Metaspace       used 7813K, capacity 7976K, committed 8192K, reserved 1056768K
  class space    used 861K, capacity 932K, committed 1024K, reserved 1048576K
Event: 19.735 GC heap after
Heap after GC invocations=25 (full 7):
 PSYoungGen      total 931840K, used 0K [0x000000076ab00000, 0x00000007c0000000, 0x00000007c0000000)
  eden space 465920K, 0% used [0x000000076ab00000,0x000000076ab00000,0x0000000787200000)
  from space 465920K, 0% used [0x00000007a3900000,0x00000007a3900000,0x00000007c0000000)
  to   space 465920K, 0% used [0x0000000787200000,0x0000000787200000,0x00000007a3900000)
 ParOldGen       total 1412608K, used 770317K [0x00000006c0000000, 0x0000000716380000, 0x000000076ab00000)
  object space 1412608K, 54% used [0x00000006c0000000,0x00000006ef0436a8,0x0000000716380000)
 Metaspace       used 7813K, capacity 7976K, committed 8192K, reserved 1056768K
  class space    used 861K, capacity 932K, committed 1024K, reserved 1048576K
}
Event: 20.606 GC heap before
{Heap before GC invocations=26 (full 7):
 PSYoungGen      total 931840K, used 465920K [0x000000076ab00000, 0x00000007c0000000, 0x00000007c0000000)
  eden space 465920K, 100% used [0x000000076ab00000,0x0000000787200000,0x0000000787200000)
  from space 465920K, 0% used [0x00000007a3900000,0x00000007a3900000,0x00000007c0000000)
  to   space 465920K, 0% used [0x0000000787200000,0x0000000787200000,0x00000007a3900000)
 ParOldGen       total 1412608K, used 770317K [0x00000006c0000000, 0x0000000716380000, 0x000000076ab00000)
  object space 1412608K, 54% used [0x00000006c0000000,0x00000006ef0436a8,0x0000000716380000)
 Metaspace       used 7813K, capacity 7976K, committed 8192K, reserved 1056768K
  class space    used 861K, capacity 932K, committed 1024K, reserved 1048576K
Event: 20.713 GC heap after
Heap after GC invocations=26 (full 7):
 PSYoungGen      total 931840K, used 465043K [0x000000076ab00000, 0x00000007c0000000, 0x00000007c0000000)
  eden space 465920K, 0% used [0x000000076ab00000,0x000000076ab00000,0x0000000787200000)
  from space 465920K, 99% used [0x0000000787200000,0x00000007a3824d40,0x00000007a3900000)
  to   space 465920K, 0% used [0x00000007a3900000,0x00000007a3900000,0x00000007c0000000)
 ParOldGen       total 1412608K, used 770317K [0x00000006c0000000, 0x0000000716380000, 0x000000076ab00000)
  object space 1412608K, 54% used [0x00000006c0000000,0x00000006ef0436a8,0x0000000716380000)
 Metaspace       used 7813K, capacity 7976K, committed 8192K, reserved 1056768K
  class space    used 861K, capacity 932K, committed 1024K, reserved 1048576K
}
Event: 22.975 GC heap before
{Heap before GC invocations=27 (full 7):
 PSYoungGen      total 931840K, used 930963K [0x000000076ab00000, 0x00000007c0000000, 0x00000007c0000000)
  eden space 465920K, 100% used [0x000000076ab00000,0x0000000787200000,0x0000000787200000)
  from space 465920K, 99% used [0x0000000787200000,0x00000007a3824d40,0x00000007a3900000)
  to   space 465920K, 0% used [0x00000007a3900000,0x00000007a3900000,0x00000007c0000000)
 ParOldGen       total 1412608K, used 770317K [0x00000006c0000000, 0x0000000716380000, 0x000000076ab00000)
  object space 1412608K, 54% used [0x00000006c0000000,0x00000006ef0436a8,0x0000000716380000)
 Metaspace       used 7813K, capacity 7976K, committed 8192K, reserved 1056768K
  class space    used 861K, capacity 932K, committed 1024K, reserved 1048576K
Event: 23.118 GC heap after
Heap after GC invocations=27 (full 7):
 PSYoungGen      total 931840K, used 465264K [0x000000076ab00000, 0x00000007c0000000, 0x00000007c0000000)
  eden space 465920K, 0% used [0x000000076ab00000,0x000000076ab00000,0x0000000787200000)
  from space 465920K, 99% used [0x00000007a3900000,0x00000007bff5c110,0x00000007c0000000)
  to   space 465920K, 0% used [0x0000000787200000,0x0000000787200000,0x00000007a3900000)
 ParOldGen       total 1412608K, used 987505K [0x00000006c0000000, 0x0000000716380000, 0x000000076ab00000)
  object space 1412608K, 69% used [0x00000006c0000000,0x00000006fc45c598,0x0000000716380000)
 Metaspace       used 7813K, capacity 7976K, committed 8192K, reserved 1056768K
  class space    used 861K, capacity 932K, committed 1024K, reserved 1048576K
}
Event: 24.323 GC heap before
{Heap before GC invocations=28 (full 7):
 PSYoungGen      total 931840K, used 931184K [0x000000076ab00000, 0x00000007c0000000, 0x00000007c0000000)
  eden space 465920K, 100% used [0x000000076ab00000,0x0000000787200000,0x0000000787200000)
  from space 465920K, 99% used [0x00000007a3900000,0x00000007bff5c110,0x00000007c0000000)
  to   space 465920K, 0% used [0x0000000787200000,0x0000000787200000,0x00000007a3900000)
 ParOldGen       total 1412608K, used 987505K [0x00000006c0000000, 0x0000000716380000, 0x000000076ab00000)
  object space 1412608K, 69% used [0x00000006c0000000,0x00000006fc45c598,0x0000000716380000)
 Metaspace       used 7814K, capacity 7976K, committed 8192K, reserved 1056768K
  class space    used 861K, capacity 932K, committed 1024K, reserved 1048576K
Event: 24.586 GC heap after
Heap after GC invocations=28 (full 7):
 PSYoungGen      total 931840K, used 931184K [0x000000076ab00000, 0x00000007c0000000, 0x00000007c0000000)
  eden space 465920K, 100% used [0x000000076ab00000,0x0000000787200000,0x0000000787200000)
  from space 465920K, 99% used [0x00000007a3900000,0x00000007bff5c110,0x00000007c0000000)
  to   space 465920K, 29% used [0x0000000787200000,0x000000078fa40720,0x00000007a3900000)
 ParOldGen       total 1426432K, used 1423138K [0x00000006c0000000, 0x0000000717100000, 0x000000076ab00000)
  object space 1426432K, 99% used [0x00000006c0000000,0x0000000716dc8b38,0x0000000717100000)
 Metaspace       used 7814K, capacity 7976K, committed 8192K, reserved 1056768K
  class space    used 861K, capacity 932K, committed 1024K, reserved 1048576K
}
Event: 24.587 GC heap before
{Heap before GC invocations=29 (full 8):
 PSYoungGen      total 931840K, used 931184K [0x000000076ab00000, 0x00000007c0000000, 0x00000007c0000000)
  eden space 465920K, 100% used [0x000000076ab00000,0x0000000787200000,0x0000000787200000)
  from space 465920K, 99% used [0x00000007a3900000,0x00000007bff5c110,0x00000007c0000000)
  to   space 465920K, 29% used [0x0000000787200000,0x000000078fa40720,0x00000007a3900000)
 ParOldGen       total 1426432K, used 1423138K [0x00000006c0000000, 0x0000000717100000, 0x000000076ab00000)
  object space 1426432K, 99% used [0x00000006c0000000,0x0000000716dc8b38,0x0000000717100000)
 Metaspace       used 7814K, capacity 7976K, committed 8192K, reserved 1056768K
  class space    used 861K, capacity 932K, committed 1024K, reserved 1048576K

