# JRE version: Java(TM) SE Runtime Environment (8.0_60-b27) (build 1.8.0_60-b27)
# Java VM: Java HotSpot(TM) 64-Bit Server VM (25.60-b23 mixed mode linux-amd64 compressed oops)
Heap:
 PSYoungGen      total 859648K, used 4032K [0x000000076d100000, 0x00000007a4000000, 0x00000007c0000000)
  eden space 819200K, 0% used [0x000000076d100000,0x000000076d100000,0x000000079f100000)
  from space 40448K, 9% used [0x000000079f100000,0x000000079f4f0020,0x00000007a1880000)
  to   space 38912K, 0% used [0x00000007a1a00000,0x00000007a1a00000,0x00000007a4000000)
 ParOldGen       total 171008K, used 97284K [0x00000006c7200000, 0x00000006d1900000, 0x000000076d100000)
  object space 171008K, 56% used [0x00000006c7200000,0x00000006cd101178,0x00000006d1900000)
 Metaspace       used 14675K, capacity 14826K, committed 14976K, reserved 1062912K
  class space    used 1802K, capacity 1851K, committed 1920K, reserved 1048576K
GC Heap History (10 events):
Event: 8.842 GC heap after
Heap after GC invocations=6 (full 0):
 PSYoungGen      total 299520K, used 7304K [0x000000076d100000, 0x0000000782600000, 0x00000007c0000000)
  eden space 256000K, 0% used [0x000000076d100000,0x000000076d100000,0x000000077cb00000)
  from space 43520K, 16% used [0x000000077f780000,0x000000077fea21e0,0x0000000782200000)
  to   space 45568K, 0% used [0x000000077cb00000,0x000000077cb00000,0x000000077f780000)
 ParOldGen       total 171008K, used 85845K [0x00000006c7200000, 0x00000006d1900000, 0x000000076d100000)
  object space 171008K, 50% used [0x00000006c7200000,0x00000006cc5d5678,0x00000006d1900000)
 Metaspace       used 13534K, capacity 13636K, committed 13824K, reserved 1060864K
  class space    used 1629K, capacity 1690K, committed 1792K, reserved 1048576K
}
Event: 9.296 GC heap before
{Heap before GC invocations=7 (full 0):
 PSYoungGen      total 299520K, used 263304K [0x000000076d100000, 0x0000000782600000, 0x00000007c0000000)
  eden space 256000K, 100% used [0x000000076d100000,0x000000077cb00000,0x000000077cb00000)
  from space 43520K, 16% used [0x000000077f780000,0x000000077fea21e0,0x0000000782200000)
  to   space 45568K, 0% used [0x000000077cb00000,0x000000077cb00000,0x000000077f780000)
 ParOldGen       total 171008K, used 85846K [0x00000006c7200000, 0x00000006d1900000, 0x000000076d100000)
  object space 171008K, 50% used [0x00000006c7200000,0x00000006cc5d5b70,0x00000006d1900000)
 Metaspace       used 14224K, capacity 14404K, committed 14720K, reserved 1062912K
  class space    used 1749K, capacity 1818K, committed 1920K, reserved 1048576K
Event: 9.312 GC heap after
Heap after GC invocations=7 (full 0):
 PSYoungGen      total 301568K, used 20489K [0x000000076d100000, 0x0000000791a00000, 0x00000007c0000000)
  eden space 256000K, 0% used [0x000000076d100000,0x000000076d100000,0x000000077cb00000)
  from space 45568K, 44% used [0x000000077cb00000,0x000000077df02730,0x000000077f780000)
  to   space 43520K, 0% used [0x000000078ef80000,0x000000078ef80000,0x0000000791a00000)
 ParOldGen       total 171008K, used 87487K [0x00000006c7200000, 0x00000006d1900000, 0x000000076d100000)
  object space 171008K, 51% used [0x00000006c7200000,0x00000006cc76fc10,0x00000006d1900000)
 Metaspace       used 14224K, capacity 14404K, committed 14720K, reserved 1062912K
  class space    used 1749K, capacity 1818K, committed 1920K, reserved 1048576K
}
Event: 9.380 GC heap before
{Heap before GC invocations=8 (full 0):
 PSYoungGen      total 301568K, used 275283K [0x000000076d100000, 0x0000000791a00000, 0x00000007c0000000)
  eden space 256000K, 99% used [0x000000076d100000,0x000000077c9d26a8,0x000000077cb00000)
  from space 45568K, 44% used [0x000000077cb00000,0x000000077df02730,0x000000077f780000)
  to   space 43520K, 0% used [0x000000078ef80000,0x000000078ef80000,0x0000000791a00000)
 ParOldGen       total 171008K, used 87487K [0x00000006c7200000, 0x00000006d1900000, 0x000000076d100000)
  object space 171008K, 51% used [0x00000006c7200000,0x00000006cc76fc10,0x00000006d1900000)
 Metaspace       used 14280K, capacity 14410K, committed 14720K, reserved 1062912K
  class space    used 1755K, capacity 1819K, committed 1920K, reserved 1048576K
Event: 9.388 GC heap after
Heap after GC invocations=8 (full 0):
 PSYoungGen      total 554496K, used 14044K [0x000000076d100000, 0x0000000791900000, 0x00000007c0000000)
  eden space 512000K, 0% used [0x000000076d100000,0x000000076d100000,0x000000078c500000)
  from space 42496K, 33% used [0x000000078ef80000,0x000000078fd370e8,0x0000000791900000)
  to   space 43008K, 0% used [0x000000078c500000,0x000000078c500000,0x000000078ef00000)
 ParOldGen       total 171008K, used 87559K [0x00000006c7200000, 0x00000006d1900000, 0x000000076d100000)
  object space 171008K, 51% used [0x00000006c7200000,0x00000006cc781c10,0x00000006d1900000)
 Metaspace       used 14280K, capacity 14410K, committed 14720K, reserved 1062912K
  class space    used 1755K, capacity 1819K, committed 1920K, reserved 1048576K
}
Event: 9.497 GC heap before
{Heap before GC invocations=9 (full 0):
 PSYoungGen      total 554496K, used 526044K [0x000000076d100000, 0x0000000791900000, 0x00000007c0000000)
  eden space 512000K, 100% used [0x000000076d100000,0x000000078c500000,0x000000078c500000)
  from space 42496K, 33% used [0x000000078ef80000,0x000000078fd370e8,0x0000000791900000)
  to   space 43008K, 0% used [0x000000078c500000,0x000000078c500000,0x000000078ef00000)
 ParOldGen       total 171008K, used 87559K [0x00000006c7200000, 0x00000006d1900000, 0x000000076d100000)
  object space 171008K, 51% used [0x00000006c7200000,0x00000006cc781c10,0x00000006d1900000)
 Metaspace       used 14641K, capacity 14762K, committed 14976K, reserved 1062912K
  class space    used 1802K, capacity 1851K, committed 1920K, reserved 1048576K
Event: 9.504 GC heap after
Heap after GC invocations=9 (full 0):
 PSYoungGen      total 555008K, used 16245K [0x000000076d100000, 0x00000007a4300000, 0x00000007c0000000)
  eden space 512000K, 0% used [0x000000076d100000,0x000000076d100000,0x000000078c500000)
  from space 43008K, 37% used [0x000000078c500000,0x000000078d4dd5a8,0x000000078ef00000)
  to   space 41984K, 0% used [0x00000007a1a00000,0x00000007a1a00000,0x00000007a4300000)
 ParOldGen       total 171008K, used 90107K [0x00000006c7200000, 0x00000006d1900000, 0x000000076d100000)
  object space 171008K, 52% used [0x00000006c7200000,0x00000006cc9fef70,0x00000006d1900000)
 Metaspace       used 14641K, capacity 14762K, committed 14976K, reserved 1062912K
  class space    used 1802K, capacity 1851K, committed 1920K, reserved 1048576K
}
Event: 9.632 GC heap before
{Heap before GC invocations=10 (full 0):
 PSYoungGen      total 555008K, used 526841K [0x000000076d100000, 0x00000007a4300000, 0x00000007c0000000)
  eden space 512000K, 99% used [0x000000076d100000,0x000000078c3a11a8,0x000000078c500000)
  from space 43008K, 37% used [0x000000078c500000,0x000000078d4dd5a8,0x000000078ef00000)
  to   space 41984K, 0% used [0x00000007a1a00000,0x00000007a1a00000,0x00000007a4300000)
 ParOldGen       total 171008K, used 90107K [0x00000006c7200000, 0x00000006d1900000, 0x000000076d100000)
  object space 171008K, 52% used [0x00000006c7200000,0x00000006cc9fef70,0x00000006d1900000)
 Metaspace       used 14654K, capacity 14762K, committed 14976K, reserved 1062912K
  class space    used 1802K, capacity 1851K, committed 1920K, reserved 1048576K
Event: 9.642 GC heap after
Heap after GC invocations=10 (full 0):
 PSYoungGen      total 858112K, used 18940K [0x000000076d100000, 0x00000007a4000000, 0x00000007c0000000)
  eden space 819200K, 0% used [0x000000076d100000,0x000000076d100000,0x000000079f100000)
  from space 38912K, 48% used [0x00000007a1a00000,0x00000007a2c7f0e8,0x00000007a4000000)
  to   space 40448K, 0% used [0x000000079f100000,0x000000079f100000,0x00000007a1880000)
 ParOldGen       total 171008K, used 94267K [0x00000006c7200000, 0x00000006d1900000, 0x000000076d100000)
  object space 171008K, 55% used [0x00000006c7200000,0x00000006cce0efb8,0x00000006d1900000)
 Metaspace       used 14654K, capacity 14762K, committed 14976K, reserved 1062912K
  class space    used 1802K, capacity 1851K, committed 1920K, reserved 1048576K
}
Event: 9.909 GC heap before
{Heap before GC invocations=11 (full 0):
 PSYoungGen      total 858112K, used 837115K [0x000000076d100000, 0x00000007a4000000, 0x00000007c0000000)
  eden space 819200K, 99% used [0x000000076d100000,0x000000079efffb30,0x000000079f100000)
  from space 38912K, 48% used [0x00000007a1a00000,0x00000007a2c7f0e8,0x00000007a4000000)
  to   space 40448K, 0% used [0x000000079f100000,0x000000079f100000,0x00000007a1880000)
 ParOldGen       total 171008K, used 96364K [0x00000006c7200000, 0x00000006d1900000, 0x000000076d100000)
  object space 171008K, 56% used [0x00000006c7200000,0x00000006cd01b0e8,0x00000006d1900000)
 Metaspace       used 14675K, capacity 14826K, committed 14976K, reserved 1062912K
  class space    used 1802K, capacity 1851K, committed 1920K, reserved 1048576K

