# JRE version: Java(TM) SE Runtime Environment (8.0_60-b27) (build 1.8.0_60-b27)
# Java VM: Java HotSpot(TM) 64-Bit Server VM (25.60-b23 mixed mode linux-amd64 compressed oops)
Heap:
 PSYoungGen      total 777728K, used 100833K [0x000000076ab00000, 0x00000007b7600000, 0x00000007c0000000)
  eden space 481792K, 0% used [0x000000076ab00000,0x000000076ab00000,0x0000000788180000)
  from space 295936K, 34% used [0x000000079d780000,0x00000007a39f8480,0x00000007af880000)
  to   space 350208K, 0% used [0x0000000788180000,0x0000000788180000,0x000000079d780000)
 ParOldGen       total 796672K, used 796456K [0x00000006c0000000, 0x00000006f0a00000, 0x000000076ab00000)
  object space 796672K, 99% used [0x00000006c0000000,0x00000006f09ca3e8,0x00000006f0a00000)
 Metaspace       used 7798K, capacity 7976K, committed 8192K, reserved 1056768K
  class space    used 861K, capacity 932K, committed 1024K, reserved 1048576K
GC Heap History (10 events):
Event: 6.901 GC heap after
Heap after GC invocations=12 (full 3):
 PSYoungGen      total 522240K, used 143315K [0x000000076ab00000, 0x00000007a1080000, 0x00000007c0000000)
  eden space 335872K, 0% used [0x000000076ab00000,0x000000076ab00000,0x000000077f300000)
  from space 186368K, 76% used [0x000000077f300000,0x0000000787ef4c90,0x000000078a900000)
  to   space 205824K, 0% used [0x0000000794780000,0x0000000794780000,0x00000007a1080000)
 ParOldGen       total 421376K, used 125976K [0x00000006c0000000, 0x00000006d9b80000, 0x000000076ab00000)
  object space 421376K, 29% used [0x00000006c0000000,0x00000006c7b06360,0x00000006d9b80000)
 Metaspace       used 7476K, capacity 7656K, committed 7808K, reserved 1056768K
  class space    used 818K, capacity 868K, committed 896K, reserved 1048576K
}
Event: 7.774 GC heap before
{Heap before GC invocations=13 (full 3):
 PSYoungGen      total 522240K, used 479187K [0x000000076ab00000, 0x00000007a1080000, 0x00000007c0000000)
  eden space 335872K, 100% used [0x000000076ab00000,0x000000077f300000,0x000000077f300000)
  from space 186368K, 76% used [0x000000077f300000,0x0000000787ef4c90,0x000000078a900000)
  to   space 205824K, 0% used [0x0000000794780000,0x0000000794780000,0x00000007a1080000)
 ParOldGen       total 421376K, used 125976K [0x00000006c0000000, 0x00000006d9b80000, 0x000000076ab00000)
  object space 421376K, 29% used [0x00000006c0000000,0x00000006c7b06360,0x00000006d9b80000)
 Metaspace       used 7797K, capacity 7976K, committed 8192K, reserved 1056768K
  class space    used 860K, capacity 932K, committed 1024K, reserved 1048576K
Event: 7.958 GC heap after
Heap after GC invocations=13 (full 3):
 PSYoungGen      total 582656K, used 205794K [0x000000076ab00000, 0x00000007adf00000, 0x00000007c0000000)
  eden space 376832K, 0% used [0x000000076ab00000,0x000000076ab00000,0x0000000781b00000)
  from space 205824K, 99% used [0x0000000794780000,0x00000007a1078810,0x00000007a1080000)
  to   space 307712K, 0% used [0x0000000781b00000,0x0000000781b00000,0x0000000794780000)
 ParOldGen       total 421376K, used 301321K [0x00000006c0000000, 0x00000006d9b80000, 0x000000076ab00000)
  object space 421376K, 71% used [0x00000006c0000000,0x00000006d26427d0,0x00000006d9b80000)
 Metaspace       used 7797K, capacity 7976K, committed 8192K, reserved 1056768K
  class space    used 860K, capacity 932K, committed 1024K, reserved 1048576K
}
Event: 7.958 GC heap before
{Heap before GC invocations=14 (full 4):
 PSYoungGen      total 582656K, used 205794K [0x000000076ab00000, 0x00000007adf00000, 0x00000007c0000000)
  eden space 376832K, 0% used [0x000000076ab00000,0x000000076ab00000,0x0000000781b00000)
  from space 205824K, 99% used [0x0000000794780000,0x00000007a1078810,0x00000007a1080000)
  to   space 307712K, 0% used [0x0000000781b00000,0x0000000781b00000,0x0000000794780000)
 ParOldGen       total 421376K, used 301321K [0x00000006c0000000, 0x00000006d9b80000, 0x000000076ab00000)
  object space 421376K, 71% used [0x00000006c0000000,0x00000006d26427d0,0x00000006d9b80000)
 Metaspace       used 7797K, capacity 7976K, committed 8192K, reserved 1056768K
  class space    used 860K, capacity 932K, committed 1024K, reserved 1048576K
Event: 8.157 GC heap after
Heap after GC invocations=14 (full 4):
 PSYoungGen      total 582656K, used 53883K [0x000000076ab00000, 0x00000007adf00000, 0x00000007c0000000)
  eden space 376832K, 0% used [0x000000076ab00000,0x000000076ab00000,0x0000000781b00000)
  from space 205824K, 26% used [0x0000000794780000,0x0000000797c1eed0,0x00000007a1080000)
  to   space 307712K, 0% used [0x0000000781b00000,0x0000000781b00000,0x0000000794780000)
 ParOldGen       total 796672K, used 421050K [0x00000006c0000000, 0x00000006f0a00000, 0x000000076ab00000)
  object space 796672K, 52% used [0x00000006c0000000,0x00000006d9b2ea08,0x00000006f0a00000)
 Metaspace       used 7797K, capacity 7976K, committed 8192K, reserved 1056768K
  class space    used 860K, capacity 932K, committed 1024K, reserved 1048576K
}
Event: 9.595 GC heap before
{Heap before GC invocations=15 (full 4):
 PSYoungGen      total 582656K, used 430715K [0x000000076ab00000, 0x00000007adf00000, 0x00000007c0000000)
  eden space 376832K, 100% used [0x000000076ab00000,0x0000000781b00000,0x0000000781b00000)
  from space 205824K, 26% used [0x0000000794780000,0x0000000797c1eed0,0x00000007a1080000)
  to   space 307712K, 0% used [0x0000000781b00000,0x0000000781b00000,0x0000000794780000)
 ParOldGen       total 796672K, used 421050K [0x00000006c0000000, 0x00000006f0a00000, 0x000000076ab00000)
  object space 796672K, 52% used [0x00000006c0000000,0x00000006d9b2ea08,0x00000006f0a00000)
 Metaspace       used 7798K, capacity 7976K, committed 8192K, reserved 1056768K
  class space    used 861K, capacity 932K, committed 1024K, reserved 1048576K
Event: 9.738 GC heap after
Heap after GC invocations=15 (full 4):
 PSYoungGen      total 684544K, used 47286K [0x000000076ab00000, 0x00000007af880000, 0x00000007c0000000)
  eden space 376832K, 0% used [0x000000076ab00000,0x000000076ab00000,0x0000000781b00000)
  from space 307712K, 15% used [0x0000000781b00000,0x000000078492dbc0,0x0000000794780000)
  to   space 295936K, 0% used [0x000000079d780000,0x000000079d780000,0x00000007af880000)
 ParOldGen       total 796672K, used 474934K [0x00000006c0000000, 0x00000006f0a00000, 0x000000076ab00000)
  object space 796672K, 59% used [0x00000006c0000000,0x00000006dcfcd8d8,0x00000006f0a00000)
 Metaspace       used 7798K, capacity 7976K, committed 8192K, reserved 1056768K
  class space    used 861K, capacity 932K, committed 1024K, reserved 1048576K
}
Event: 10.095 GC heap before
{Heap before GC invocations=16 (full 4):
 PSYoungGen      total 684544K, used 424118K [0x000000076ab00000, 0x00000007af880000, 0x00000007c0000000)
  eden space 376832K, 100% used [0x000000076ab00000,0x0000000781b00000,0x0000000781b00000)
  from space 307712K, 15% used [0x0000000781b00000,0x000000078492dbc0,0x0000000794780000)
  to   space 295936K, 0% used [0x000000079d780000,0x000000079d780000,0x00000007af880000)
 ParOldGen       total 796672K, used 474934K [0x00000006c0000000, 0x00000006f0a00000, 0x000000076ab00000)
  object space 796672K, 59% used [0x00000006c0000000,0x00000006dcfcd8d8,0x00000006f0a00000)
 Metaspace       used 7798K, capacity 7976K, committed 8192K, reserved 1056768K
  class space    used 861K, capacity 932K, committed 1024K, reserved 1048576K
Event: 10.297 GC heap after
Heap after GC invocations=16 (full 4):
 PSYoungGen      total 777728K, used 295914K [0x000000076ab00000, 0x00000007b7600000, 0x00000007c0000000)
  eden space 481792K, 0% used [0x000000076ab00000,0x000000076ab00000,0x0000000788180000)
  from space 295936K, 99% used [0x000000079d780000,0x00000007af87aa60,0x00000007af880000)
  to   space 350208K, 0% used [0x0000000788180000,0x0000000788180000,0x000000079d780000)
 ParOldGen       total 796672K, used 602437K [0x00000006c0000000, 0x00000006f0a00000, 0x000000076ab00000)
  object space 796672K, 75% used [0x00000006c0000000,0x00000006e4c515a8,0x00000006f0a00000)
 Metaspace       used 7798K, capacity 7976K, committed 8192K, reserved 1056768K
  class space    used 861K, capacity 932K, committed 1024K, reserved 1048576K
}
Event: 10.297 GC heap before
{Heap before GC invocations=17 (full 5):
 PSYoungGen      total 777728K, used 295914K [0x000000076ab00000, 0x00000007b7600000, 0x00000007c0000000)
  eden space 481792K, 0% used [0x000000076ab00000,0x000000076ab00000,0x0000000788180000)
  from space 295936K, 99% used [0x000000079d780000,0x00000007af87aa60,0x00000007af880000)
  to   space 350208K, 0% used [0x0000000788180000,0x0000000788180000,0x000000079d780000)
 ParOldGen       total 796672K, used 602437K [0x00000006c0000000, 0x00000006f0a00000, 0x000000076ab00000)
  object space 796672K, 75% used [0x00000006c0000000,0x00000006e4c515a8,0x00000006f0a00000)
 Metaspace       used 7798K, capacity 7976K, committed 8192K, reserved 1056768K
  class space    used 861K, capacity 932K, committed 1024K, reserved 1048576K

