# JRE version: Java(TM) SE Runtime Environment (8.0_60-b27) (build 1.8.0_60-b27)
# Java VM: Java HotSpot(TM) 64-Bit Server VM (25.60-b23 mixed mode linux-amd64 compressed oops)
Heap:
 PSYoungGen      total 864768K, used 2688K [0x000000076d100000, 0x00000007a4380000, 0x00000007c0000000)
  eden space 825856K, 0% used [0x000000076d100000,0x000000076d100000,0x000000079f780000)
  from space 38912K, 6% used [0x000000079f780000,0x000000079fa20010,0x00000007a1d80000)
  to   space 37888K, 0% used [0x00000007a1e80000,0x00000007a1e80000,0x00000007a4380000)
 ParOldGen       total 171008K, used 94275K [0x00000006c7200000, 0x00000006d1900000, 0x000000076d100000)
  object space 171008K, 55% used [0x00000006c7200000,0x00000006cce10db0,0x00000006d1900000)
 Metaspace       used 14677K, capacity 14826K, committed 14976K, reserved 1062912K
  class space    used 1801K, capacity 1851K, committed 1920K, reserved 1048576K
GC Heap History (10 events):
Event: 4.143 GC heap after
Heap after GC invocations=6 (full 0):
 PSYoungGen      total 295936K, used 23458K [0x000000076d100000, 0x0000000781b00000, 0x00000007c0000000)
  eden space 258048K, 0% used [0x000000076d100000,0x000000076d100000,0x000000077cd00000)
  from space 37888K, 61% used [0x000000077f600000,0x0000000780ce8b88,0x0000000781b00000)
  to   space 39936K, 0% used [0x000000077cd00000,0x000000077cd00000,0x000000077f400000)
 ParOldGen       total 171008K, used 66930K [0x00000006c7200000, 0x00000006d1900000, 0x000000076d100000)
  object space 171008K, 39% used [0x00000006c7200000,0x00000006cb35ca48,0x00000006d1900000)
 Metaspace       used 14554K, capacity 14698K, committed 14976K, reserved 1062912K
  class space    used 1794K, capacity 1851K, committed 1920K, reserved 1048576K
}
Event: 4.203 GC heap before
{Heap before GC invocations=7 (full 0):
 PSYoungGen      total 295936K, used 281506K [0x000000076d100000, 0x0000000781b00000, 0x00000007c0000000)
  eden space 258048K, 100% used [0x000000076d100000,0x000000077cd00000,0x000000077cd00000)
  from space 37888K, 61% used [0x000000077f600000,0x0000000780ce8b88,0x0000000781b00000)
  to   space 39936K, 0% used [0x000000077cd00000,0x000000077cd00000,0x000000077f400000)
 ParOldGen       total 171008K, used 71681K [0x00000006c7200000, 0x00000006d1900000, 0x000000076d100000)
  object space 171008K, 41% used [0x00000006c7200000,0x00000006cb800798,0x00000006d1900000)
 Metaspace       used 14634K, capacity 14762K, committed 14976K, reserved 1062912K
  class space    used 1800K, capacity 1851K, committed 1920K, reserved 1048576K
Event: 4.212 GC heap after
Heap after GC invocations=7 (full 0):
 PSYoungGen      total 297984K, used 11674K [0x000000076d100000, 0x0000000791700000, 0x00000007c0000000)
  eden space 258048K, 0% used [0x000000076d100000,0x000000076d100000,0x000000077cd00000)
  from space 39936K, 29% used [0x000000077cd00000,0x000000077d866848,0x000000077f400000)
  to   space 39936K, 0% used [0x000000078f000000,0x000000078f000000,0x0000000791700000)
 ParOldGen       total 171008K, used 75784K [0x00000006c7200000, 0x00000006d1900000, 0x000000076d100000)
  object space 171008K, 44% used [0x00000006c7200000,0x00000006cbc022c8,0x00000006d1900000)
 Metaspace       used 14634K, capacity 14762K, committed 14976K, reserved 1062912K
  class space    used 1800K, capacity 1851K, committed 1920K, reserved 1048576K
}
Event: 4.275 GC heap before
{Heap before GC invocations=8 (full 0):
 PSYoungGen      total 297984K, used 269722K [0x000000076d100000, 0x0000000791700000, 0x00000007c0000000)
  eden space 258048K, 100% used [0x000000076d100000,0x000000077cd00000,0x000000077cd00000)
  from space 39936K, 29% used [0x000000077cd00000,0x000000077d866848,0x000000077f400000)
  to   space 39936K, 0% used [0x000000078f000000,0x000000078f000000,0x0000000791700000)
 ParOldGen       total 171008K, used 86841K [0x00000006c7200000, 0x00000006d1900000, 0x000000076d100000)
  object space 171008K, 50% used [0x00000006c7200000,0x00000006cc6ce7b8,0x00000006d1900000)
 Metaspace       used 14646K, capacity 14762K, committed 14976K, reserved 1062912K
  class space    used 1801K, capacity 1851K, committed 1920K, reserved 1048576K
Event: 4.284 GC heap after
Heap after GC invocations=8 (full 0):
 PSYoungGen      total 552960K, used 15212K [0x000000076d100000, 0x0000000791400000, 0x00000007c0000000)
  eden space 516096K, 0% used [0x000000076d100000,0x000000076d100000,0x000000078c900000)
  from space 36864K, 41% used [0x000000078f000000,0x000000078fedb168,0x0000000791400000)
  to   space 38400K, 0% used [0x000000078c900000,0x000000078c900000,0x000000078ee80000)
 ParOldGen       total 171008K, used 88494K [0x00000006c7200000, 0x00000006d1900000, 0x000000076d100000)
  object space 171008K, 51% used [0x00000006c7200000,0x00000006cc86b890,0x00000006d1900000)
 Metaspace       used 14646K, capacity 14762K, committed 14976K, reserved 1062912K
  class space    used 1801K, capacity 1851K, committed 1920K, reserved 1048576K
}
Event: 4.413 GC heap before
{Heap before GC invocations=9 (full 0):
 PSYoungGen      total 552960K, used 531308K [0x000000076d100000, 0x0000000791400000, 0x00000007c0000000)
  eden space 516096K, 100% used [0x000000076d100000,0x000000078c900000,0x000000078c900000)
  from space 36864K, 41% used [0x000000078f000000,0x000000078fedb168,0x0000000791400000)
  to   space 38400K, 0% used [0x000000078c900000,0x000000078c900000,0x000000078ee80000)
 ParOldGen       total 171008K, used 90115K [0x00000006c7200000, 0x00000006d1900000, 0x000000076d100000)
  object space 171008K, 52% used [0x00000006c7200000,0x00000006cca00c68,0x00000006d1900000)
 Metaspace       used 14661K, capacity 14762K, committed 14976K, reserved 1062912K
  class space    used 1801K, capacity 1851K, committed 1920K, reserved 1048576K
Event: 4.417 GC heap after
Heap after GC invocations=9 (full 0):
 PSYoungGen      total 554496K, used 1794K [0x000000076d100000, 0x00000007a4580000, 0x00000007c0000000)
  eden space 516096K, 0% used [0x000000076d100000,0x000000076d100000,0x000000078c900000)
  from space 38400K, 4% used [0x000000078c900000,0x000000078cac0a18,0x000000078ee80000)
  to   space 39936K, 0% used [0x00000007a1e80000,0x00000007a1e80000,0x00000007a4580000)
 ParOldGen       total 171008K, used 92723K [0x00000006c7200000, 0x00000006d1900000, 0x000000076d100000)
  object space 171008K, 54% used [0x00000006c7200000,0x00000006ccc8cd60,0x00000006d1900000)
 Metaspace       used 14661K, capacity 14762K, committed 14976K, reserved 1062912K
  class space    used 1801K, capacity 1851K, committed 1920K, reserved 1048576K
}
Event: 4.521 GC heap before
{Heap before GC invocations=10 (full 0):
 PSYoungGen      total 554496K, used 517890K [0x000000076d100000, 0x00000007a4580000, 0x00000007c0000000)
  eden space 516096K, 100% used [0x000000076d100000,0x000000078c900000,0x000000078c900000)
  from space 38400K, 4% used [0x000000078c900000,0x000000078cac0a18,0x000000078ee80000)
  to   space 39936K, 0% used [0x00000007a1e80000,0x00000007a1e80000,0x00000007a4580000)
 ParOldGen       total 171008K, used 92979K [0x00000006c7200000, 0x00000006d1900000, 0x000000076d100000)
  object space 171008K, 54% used [0x00000006c7200000,0x00000006cccccd20,0x00000006d1900000)
 Metaspace       used 14672K, capacity 14826K, committed 14976K, reserved 1062912K
  class space    used 1801K, capacity 1851K, committed 1920K, reserved 1048576K
Event: 4.525 GC heap after
Heap after GC invocations=10 (full 0):
 PSYoungGen      total 863744K, used 9112K [0x000000076d100000, 0x00000007a4380000, 0x00000007c0000000)
  eden space 825856K, 0% used [0x000000076d100000,0x000000076d100000,0x000000079f780000)
  from space 37888K, 24% used [0x00000007a1e80000,0x00000007a27661d0,0x00000007a4380000)
  to   space 38912K, 0% used [0x000000079f780000,0x000000079f780000,0x00000007a1d80000)
 ParOldGen       total 171008K, used 93467K [0x00000006c7200000, 0x00000006d1900000, 0x000000076d100000)
  object space 171008K, 54% used [0x00000006c7200000,0x00000006ccd46db0,0x00000006d1900000)
 Metaspace       used 14672K, capacity 14826K, committed 14976K, reserved 1062912K
  class space    used 1801K, capacity 1851K, committed 1920K, reserved 1048576K
}
Event: 4.746 GC heap before
{Heap before GC invocations=11 (full 0):
 PSYoungGen      total 863744K, used 834968K [0x000000076d100000, 0x00000007a4380000, 0x00000007c0000000)
  eden space 825856K, 100% used [0x000000076d100000,0x000000079f780000,0x000000079f780000)
  from space 37888K, 24% used [0x00000007a1e80000,0x00000007a27661d0,0x00000007a4380000)
  to   space 38912K, 0% used [0x000000079f780000,0x000000079f780000,0x00000007a1d80000)
 ParOldGen       total 171008K, used 93467K [0x00000006c7200000, 0x00000006d1900000, 0x000000076d100000)
  object space 171008K, 54% used [0x00000006c7200000,0x00000006ccd46db0,0x00000006d1900000)
 Metaspace       used 14677K, capacity 14826K, committed 14976K, reserved 1062912K
  class space    used 1801K, capacity 1851K, committed 1920K, reserved 1048576K

