# JRE version: Java(TM) SE Runtime Environment (8.0_60-b27) (build 1.8.0_60-b27)
# Java VM: Java HotSpot(TM) 64-Bit Server VM (25.60-b23 mixed mode linux-amd64 compressed oops)
Heap:
 PSYoungGen      total 861696K, used 20500K [0x000000076d100000, 0x00000007a4580000, 0x00000007c0000000)
  eden space 817664K, 0% used [0x000000076d100000,0x000000076d100000,0x000000079ef80000)
  from space 44032K, 46% used [0x000000079ef80000,0x00000007a0385298,0x00000007a1a80000)
  to   space 44032K, 0% used [0x00000007a1a80000,0x00000007a1a80000,0x00000007a4580000)
 ParOldGen       total 171008K, used 120481K [0x00000006c7200000, 0x00000006d1900000, 0x000000076d100000)
  object space 171008K, 70% used [0x00000006c7200000,0x00000006ce7a8588,0x00000006d1900000)
 Metaspace       used 14684K, capacity 14826K, committed 14976K, reserved 1062912K
  class space    used 1803K, capacity 1851K, committed 1920K, reserved 1048576K
GC Heap History (10 events):
Event: 7.567 GC heap after
Heap after GC invocations=6 (full 0):
 PSYoungGen      total 297984K, used 6680K [0x000000076d100000, 0x0000000782300000, 0x00000007c0000000)
  eden space 256000K, 0% used [0x000000076d100000,0x000000076d100000,0x000000077cb00000)
  from space 41984K, 15% used [0x000000077f600000,0x000000077fc861c8,0x0000000781f00000)
  to   space 44032K, 0% used [0x000000077cb00000,0x000000077cb00000,0x000000077f600000)
 ParOldGen       total 171008K, used 88751K [0x00000006c7200000, 0x00000006d1900000, 0x000000076d100000)
  object space 171008K, 51% used [0x00000006c7200000,0x00000006cc8abd40,0x00000006d1900000)
 Metaspace       used 14400K, capacity 14564K, committed 14720K, reserved 1062912K
  class space    used 1780K, capacity 1850K, committed 1920K, reserved 1048576K
}
Event: 7.626 GC heap before
{Heap before GC invocations=7 (full 0):
 PSYoungGen      total 297984K, used 262680K [0x000000076d100000, 0x0000000782300000, 0x00000007c0000000)
  eden space 256000K, 100% used [0x000000076d100000,0x000000077cb00000,0x000000077cb00000)
  from space 41984K, 15% used [0x000000077f600000,0x000000077fc861c8,0x0000000781f00000)
  to   space 44032K, 0% used [0x000000077cb00000,0x000000077cb00000,0x000000077f600000)
 ParOldGen       total 171008K, used 94480K [0x00000006c7200000, 0x00000006d1900000, 0x000000076d100000)
  object space 171008K, 55% used [0x00000006c7200000,0x00000006cce44318,0x00000006d1900000)
 Metaspace       used 14621K, capacity 14762K, committed 14976K, reserved 1062912K
  class space    used 1801K, capacity 1851K, committed 1920K, reserved 1048576K
Event: 7.636 GC heap after
Heap after GC invocations=7 (full 0):
 PSYoungGen      total 300032K, used 18712K [0x000000076d100000, 0x0000000791700000, 0x00000007c0000000)
  eden space 256000K, 0% used [0x000000076d100000,0x000000076d100000,0x000000077cb00000)
  from space 44032K, 42% used [0x000000077cb00000,0x000000077dd46110,0x000000077f600000)
  to   space 41984K, 0% used [0x000000078ee00000,0x000000078ee00000,0x0000000791700000)
 ParOldGen       total 171008K, used 98680K [0x00000006c7200000, 0x00000006d1900000, 0x000000076d100000)
  object space 171008K, 57% used [0x00000006c7200000,0x00000006cd25e028,0x00000006d1900000)
 Metaspace       used 14621K, capacity 14762K, committed 14976K, reserved 1062912K
  class space    used 1801K, capacity 1851K, committed 1920K, reserved 1048576K
}
Event: 7.694 GC heap before
{Heap before GC invocations=8 (full 0):
 PSYoungGen      total 300032K, used 274712K [0x000000076d100000, 0x0000000791700000, 0x00000007c0000000)
  eden space 256000K, 100% used [0x000000076d100000,0x000000077cb00000,0x000000077cb00000)
  from space 44032K, 42% used [0x000000077cb00000,0x000000077dd46110,0x000000077f600000)
  to   space 41984K, 0% used [0x000000078ee00000,0x000000078ee00000,0x0000000791700000)
 ParOldGen       total 171008K, used 100353K [0x00000006c7200000, 0x00000006d1900000, 0x000000076d100000)
  object space 171008K, 58% used [0x00000006c7200000,0x00000006cd400728,0x00000006d1900000)
 Metaspace       used 14642K, capacity 14762K, committed 14976K, reserved 1062912K
  class space    used 1801K, capacity 1851K, committed 1920K, reserved 1048576K
Event: 7.697 GC heap after
Heap after GC invocations=8 (full 0):
 PSYoungGen      total 552960K, used 4533K [0x000000076d100000, 0x0000000791900000, 0x00000007c0000000)
  eden space 510976K, 0% used [0x000000076d100000,0x000000076d100000,0x000000078c400000)
  from space 41984K, 10% used [0x000000078ee00000,0x000000078f26d518,0x0000000791700000)
  to   space 43008K, 0% used [0x000000078c400000,0x000000078c400000,0x000000078ee00000)
 ParOldGen       total 171008K, used 100962K [0x00000006c7200000, 0x00000006d1900000, 0x000000076d100000)
  object space 171008K, 59% used [0x00000006c7200000,0x00000006cd498a98,0x00000006d1900000)
 Metaspace       used 14642K, capacity 14762K, committed 14976K, reserved 1062912K
  class space    used 1801K, capacity 1851K, committed 1920K, reserved 1048576K
}
Event: 7.897 GC heap before
{Heap before GC invocations=9 (full 0):
 PSYoungGen      total 552960K, used 515509K [0x000000076d100000, 0x0000000791900000, 0x00000007c0000000)
  eden space 510976K, 100% used [0x000000076d100000,0x000000078c400000,0x000000078c400000)
  from space 41984K, 10% used [0x000000078ee00000,0x000000078f26d518,0x0000000791700000)
  to   space 43008K, 0% used [0x000000078c400000,0x000000078c400000,0x000000078ee00000)
 ParOldGen       total 171008K, used 110593K [0x00000006c7200000, 0x00000006d1900000, 0x000000076d100000)
  object space 171008K, 64% used [0x00000006c7200000,0x00000006cde00780,0x00000006d1900000)
 Metaspace       used 14660K, capacity 14762K, committed 14976K, reserved 1062912K
  class space    used 1802K, capacity 1851K, committed 1920K, reserved 1048576K
Event: 7.901 GC heap after
Heap after GC invocations=9 (full 0):
 PSYoungGen      total 553984K, used 1904K [0x000000076d100000, 0x00000007a4580000, 0x00000007c0000000)
  eden space 510976K, 0% used [0x000000076d100000,0x000000076d100000,0x000000078c400000)
  from space 43008K, 4% used [0x000000078c400000,0x000000078c5dc0a0,0x000000078ee00000)
  to   space 44032K, 0% used [0x00000007a1a80000,0x00000007a1a80000,0x00000007a4580000)
 ParOldGen       total 171008K, used 113234K [0x00000006c7200000, 0x00000006d1900000, 0x000000076d100000)
  object space 171008K, 66% used [0x00000006c7200000,0x00000006ce094868,0x00000006d1900000)
 Metaspace       used 14660K, capacity 14762K, committed 14976K, reserved 1062912K
  class space    used 1802K, capacity 1851K, committed 1920K, reserved 1048576K
}
Event: 8.006 GC heap before
{Heap before GC invocations=10 (full 0):
 PSYoungGen      total 553984K, used 512880K [0x000000076d100000, 0x00000007a4580000, 0x00000007c0000000)
  eden space 510976K, 100% used [0x000000076d100000,0x000000078c400000,0x000000078c400000)
  from space 43008K, 4% used [0x000000078c400000,0x000000078c5dc0a0,0x000000078ee00000)
  to   space 44032K, 0% used [0x00000007a1a80000,0x00000007a1a80000,0x00000007a4580000)
 ParOldGen       total 171008K, used 117674K [0x00000006c7200000, 0x00000006d1900000, 0x000000076d100000)
  object space 171008K, 68% used [0x00000006c7200000,0x00000006ce4eaa08,0x00000006d1900000)
 Metaspace       used 14675K, capacity 14762K, committed 14976K, reserved 1062912K
  class space    used 1802K, capacity 1851K, committed 1920K, reserved 1048576K
Event: 8.009 GC heap after
Heap after GC invocations=10 (full 0):
 PSYoungGen      total 861696K, used 2946K [0x000000076d100000, 0x00000007a4580000, 0x00000007c0000000)
  eden space 817664K, 0% used [0x000000076d100000,0x000000076d100000,0x000000079ef80000)
  from space 44032K, 6% used [0x00000007a1a80000,0x00000007a1d60a18,0x00000007a4580000)
  to   space 44032K, 0% used [0x000000079ef80000,0x000000079ef80000,0x00000007a1a80000)
 ParOldGen       total 171008K, used 118829K [0x00000006c7200000, 0x00000006d1900000, 0x000000076d100000)
  object space 171008K, 69% used [0x00000006c7200000,0x00000006ce60b688,0x00000006d1900000)
 Metaspace       used 14675K, capacity 14762K, committed 14976K, reserved 1062912K
  class space    used 1802K, capacity 1851K, committed 1920K, reserved 1048576K
}
Event: 8.536 GC heap before
{Heap before GC invocations=11 (full 0):
 PSYoungGen      total 861696K, used 820610K [0x000000076d100000, 0x00000007a4580000, 0x00000007c0000000)
  eden space 817664K, 100% used [0x000000076d100000,0x000000079ef80000,0x000000079ef80000)
  from space 44032K, 6% used [0x00000007a1a80000,0x00000007a1d60a18,0x00000007a4580000)
  to   space 44032K, 0% used [0x000000079ef80000,0x000000079ef80000,0x00000007a1a80000)
 ParOldGen       total 171008K, used 118829K [0x00000006c7200000, 0x00000006d1900000, 0x000000076d100000)
  object space 171008K, 69% used [0x00000006c7200000,0x00000006ce60b688,0x00000006d1900000)
 Metaspace       used 14684K, capacity 14826K, committed 14976K, reserved 1062912K
  class space    used 1803K, capacity 1851K, committed 1920K, reserved 1048576K

