# JRE version: Java(TM) SE Runtime Environment (8.0_60-b27) (build 1.8.0_60-b27)
# Java VM: Java HotSpot(TM) 64-Bit Server VM (25.60-b23 mixed mode linux-amd64 compressed oops)
Heap:
 PSYoungGen      total 903680K, used 960K [0x000000076d100000, 0x00000007a8e00000, 0x00000007c0000000)
  eden space 827392K, 0% used [0x000000076d100000,0x000000076d100000,0x000000079f900000)
  from space 76288K, 1% used [0x000000079f900000,0x000000079f9f0000,0x00000007a4380000)
  to   space 70144K, 0% used [0x00000007a4980000,0x00000007a4980000,0x00000007a8e00000)
 ParOldGen       total 240128K, used 122062K [0x00000006c7200000, 0x00000006d5c80000, 0x000000076d100000)
  object space 240128K, 50% used [0x00000006c7200000,0x00000006ce933a30,0x00000006d5c80000)
 Metaspace       used 14695K, capacity 14826K, committed 14976K, reserved 1062912K
  class space    used 1806K, capacity 1851K, committed 1920K, reserved 1048576K
GC Heap History (10 events):
Event: 1.753 GC heap after
Heap after GC invocations=5 (full 1):
 PSYoungGen      total 247296K, used 10224K [0x000000076d100000, 0x000000077e100000, 0x00000007c0000000)
  eden space 237056K, 0% used [0x000000076d100000,0x000000076d100000,0x000000077b880000)
  from space 10240K, 99% used [0x000000077d700000,0x000000077e0fc310,0x000000077e100000)
  to   space 10240K, 0% used [0x000000077cd00000,0x000000077cd00000,0x000000077d700000)
 ParOldGen       total 240128K, used 92387K [0x00000006c7200000, 0x00000006d5c80000, 0x000000076d100000)
  object space 240128K, 38% used [0x00000006c7200000,0x00000006ccc38cc8,0x00000006d5c80000)
 Metaspace       used 14068K, capacity 14218K, committed 14464K, reserved 1062912K
  class space    used 1742K, capacity 1819K, committed 1920K, reserved 1048576K
}
Event: 2.582 GC heap before
{Heap before GC invocations=6 (full 1):
 PSYoungGen      total 247296K, used 247280K [0x000000076d100000, 0x000000077e100000, 0x00000007c0000000)
  eden space 237056K, 100% used [0x000000076d100000,0x000000077b880000,0x000000077b880000)
  from space 10240K, 99% used [0x000000077d700000,0x000000077e0fc310,0x000000077e100000)
  to   space 10240K, 0% used [0x000000077cd00000,0x000000077cd00000,0x000000077d700000)
 ParOldGen       total 240128K, used 92387K [0x00000006c7200000, 0x00000006d5c80000, 0x000000076d100000)
  object space 240128K, 38% used [0x00000006c7200000,0x00000006ccc38cc8,0x00000006d5c80000)
 Metaspace       used 14264K, capacity 14410K, committed 14720K, reserved 1062912K
  class space    used 1765K, capacity 1819K, committed 1920K, reserved 1048576K
Event: 2.592 GC heap after
Heap after GC invocations=6 (full 1):
 PSYoungGen      total 268288K, used 10232K [0x000000076d100000, 0x0000000791600000, 0x00000007c0000000)
  eden space 258048K, 0% used [0x000000076d100000,0x000000076d100000,0x000000077cd00000)
  from space 10240K, 99% used [0x000000077cd00000,0x000000077d6fe1a8,0x000000077d700000)
  to   space 83968K, 0% used [0x000000078c400000,0x000000078c400000,0x0000000791600000)
 ParOldGen       total 240128K, used 102029K [0x00000006c7200000, 0x00000006d5c80000, 0x000000076d100000)
  object space 240128K, 42% used [0x00000006c7200000,0x00000006cd5a35e8,0x00000006d5c80000)
 Metaspace       used 14264K, capacity 14410K, committed 14720K, reserved 1062912K
  class space    used 1765K, capacity 1819K, committed 1920K, reserved 1048576K
}
Event: 2.712 GC heap before
{Heap before GC invocations=7 (full 1):
 PSYoungGen      total 268288K, used 267363K [0x000000076d100000, 0x0000000791600000, 0x00000007c0000000)
  eden space 258048K, 99% used [0x000000076d100000,0x000000077cc1ab20,0x000000077cd00000)
  from space 10240K, 99% used [0x000000077cd00000,0x000000077d6fe1a8,0x000000077d700000)
  to   space 83968K, 0% used [0x000000078c400000,0x000000078c400000,0x0000000791600000)
 ParOldGen       total 240128K, used 106222K [0x00000006c7200000, 0x00000006d5c80000, 0x000000076d100000)
  object space 240128K, 44% used [0x00000006c7200000,0x00000006cd9bb848,0x00000006d5c80000)
 Metaspace       used 14626K, capacity 14762K, committed 14976K, reserved 1062912K
  class space    used 1801K, capacity 1851K, committed 1920K, reserved 1048576K
Event: 4.322 GC heap after
Heap after GC invocations=7 (full 1):
 PSYoungGen      total 513536K, used 13143K [0x000000076d100000, 0x0000000795b80000, 0x00000007c0000000)
  eden space 429568K, 0% used [0x000000076d100000,0x000000076d100000,0x0000000787480000)
  from space 83968K, 15% used [0x000000078c400000,0x000000078d0d5e60,0x0000000791600000)
  to   space 81408K, 0% used [0x0000000787480000,0x0000000787480000,0x000000078c400000)
 ParOldGen       total 240128K, used 106222K [0x00000006c7200000, 0x00000006d5c80000, 0x000000076d100000)
  object space 240128K, 44% used [0x00000006c7200000,0x00000006cd9bb848,0x00000006d5c80000)
 Metaspace       used 14626K, capacity 14762K, committed 14976K, reserved 1062912K
  class space    used 1801K, capacity 1851K, committed 1920K, reserved 1048576K
}
Event: 6.819 GC heap before
{Heap before GC invocations=8 (full 1):
 PSYoungGen      total 513536K, used 442711K [0x000000076d100000, 0x0000000795b80000, 0x00000007c0000000)
  eden space 429568K, 100% used [0x000000076d100000,0x0000000787480000,0x0000000787480000)
  from space 83968K, 15% used [0x000000078c400000,0x000000078d0d5e60,0x0000000791600000)
  to   space 81408K, 0% used [0x0000000787480000,0x0000000787480000,0x000000078c400000)
 ParOldGen       total 240128K, used 110662K [0x00000006c7200000, 0x00000006d5c80000, 0x000000076d100000)
  object space 240128K, 46% used [0x00000006c7200000,0x00000006cde119e8,0x00000006d5c80000)
 Metaspace       used 14680K, capacity 14826K, committed 14976K, reserved 1062912K
  class space    used 1804K, capacity 1851K, committed 1920K, reserved 1048576K
Event: 6.821 GC heap after
Heap after GC invocations=8 (full 1):
 PSYoungGen      total 510976K, used 10640K [0x000000076d100000, 0x00000007a9680000, 0x00000007c0000000)
  eden space 429568K, 0% used [0x000000076d100000,0x000000076d100000,0x0000000787480000)
  from space 81408K, 13% used [0x0000000787480000,0x0000000787ee4090,0x000000078c400000)
  to   space 78848K, 0% used [0x00000007a4980000,0x00000007a4980000,0x00000007a9680000)
 ParOldGen       total 240128K, used 110670K [0x00000006c7200000, 0x00000006d5c80000, 0x000000076d100000)
  object space 240128K, 46% used [0x00000006c7200000,0x00000006cde139e8,0x00000006d5c80000)
 Metaspace       used 14680K, capacity 14826K, committed 14976K, reserved 1062912K
  class space    used 1804K, capacity 1851K, committed 1920K, reserved 1048576K
}
Event: 6.927 GC heap before
{Heap before GC invocations=9 (full 1):
 PSYoungGen      total 510976K, used 440208K [0x000000076d100000, 0x00000007a9680000, 0x00000007c0000000)
  eden space 429568K, 100% used [0x000000076d100000,0x0000000787480000,0x0000000787480000)
  from space 81408K, 13% used [0x0000000787480000,0x0000000787ee4090,0x000000078c400000)
  to   space 78848K, 0% used [0x00000007a4980000,0x00000007a4980000,0x00000007a9680000)
 ParOldGen       total 240128K, used 110670K [0x00000006c7200000, 0x00000006d5c80000, 0x000000076d100000)
  object space 240128K, 46% used [0x00000006c7200000,0x00000006cde139e8,0x00000006d5c80000)
 Metaspace       used 14680K, capacity 14826K, committed 14976K, reserved 1062912K
  class space    used 1804K, capacity 1851K, committed 1920K, reserved 1048576K
Event: 6.938 GC heap after
Heap after GC invocations=9 (full 1):
 PSYoungGen      total 897536K, used 10768K [0x000000076d100000, 0x00000007a8e00000, 0x00000007c0000000)
  eden space 827392K, 0% used [0x000000076d100000,0x000000076d100000,0x000000079f900000)
  from space 70144K, 15% used [0x00000007a4980000,0x00000007a5404130,0x00000007a8e00000)
  to   space 76288K, 0% used [0x000000079f900000,0x000000079f900000,0x00000007a4380000)
 ParOldGen       total 240128K, used 114414K [0x00000006c7200000, 0x00000006d5c80000, 0x000000076d100000)
  object space 240128K, 47% used [0x00000006c7200000,0x00000006ce1bb9e8,0x00000006d5c80000)
 Metaspace       used 14680K, capacity 14826K, committed 14976K, reserved 1062912K
  class space    used 1804K, capacity 1851K, committed 1920K, reserved 1048576K
}
Event: 7.315 GC heap before
{Heap before GC invocations=10 (full 1):
 PSYoungGen      total 897536K, used 838160K [0x000000076d100000, 0x00000007a8e00000, 0x00000007c0000000)
  eden space 827392K, 100% used [0x000000076d100000,0x000000079f900000,0x000000079f900000)
  from space 70144K, 15% used [0x00000007a4980000,0x00000007a5404130,0x00000007a8e00000)
  to   space 76288K, 0% used [0x000000079f900000,0x000000079f900000,0x00000007a4380000)
 ParOldGen       total 240128K, used 114414K [0x00000006c7200000, 0x00000006d5c80000, 0x000000076d100000)
  object space 240128K, 47% used [0x00000006c7200000,0x00000006ce1bb9e8,0x00000006d5c80000)
 Metaspace       used 14695K, capacity 14826K, committed 14976K, reserved 1062912K
  class space    used 1806K, capacity 1851K, committed 1920K, reserved 1048576K

