# JRE version: Java(TM) SE Runtime Environment (8.0_60-b27) (build 1.8.0_60-b27)
# Java VM: Java HotSpot(TM) 64-Bit Server VM (25.60-b23 mixed mode linux-amd64 compressed oops)
Heap:
 PSYoungGen      total 791040K, used 18715K [0x000000076d100000, 0x00000007a2900000, 0x00000007c0000000)
  eden space 740352K, 0% used [0x000000076d100000,0x000000076d100000,0x000000079a400000)
  from space 50688K, 36% used [0x000000079c600000,0x000000079d846df0,0x000000079f780000)
  to   space 3072K, 0% used [0x00000007a2600000,0x00000007a2600000,0x00000007a2900000)
 ParOldGen       total 181760K, used 66729K [0x00000006c7200000, 0x00000006d2380000, 0x000000076d100000)
  object space 181760K, 36% used [0x00000006c7200000,0x00000006cb32a5e8,0x00000006d2380000)
 Metaspace       used 14680K, capacity 14826K, committed 14976K, reserved 1062912K
  class space    used 1800K, capacity 1851K, committed 1920K, reserved 1048576K
GC Heap History (10 events):
Event: 2.568 GC heap after
Heap after GC invocations=7 (full 0):
 PSYoungGen      total 307712K, used 11796K [0x000000076d100000, 0x0000000792a00000, 0x00000007c0000000)
  eden space 257024K, 0% used [0x000000076d100000,0x000000076d100000,0x000000077cc00000)
  from space 50688K, 23% used [0x000000077cc00000,0x000000077d785280,0x000000077fd80000)
  to   space 50688K, 0% used [0x000000078f880000,0x000000078f880000,0x0000000792a00000)
 ParOldGen       total 171008K, used 119180K [0x00000006c7200000, 0x00000006d1900000, 0x000000076d100000)
  object space 171008K, 69% used [0x00000006c7200000,0x00000006ce6630e8,0x00000006d1900000)
 Metaspace       used 14298K, capacity 14474K, committed 14720K, reserved 1062912K
  class space    used 1750K, capacity 1819K, committed 1920K, reserved 1048576K
}
Event: 2.639 GC heap before
{Heap before GC invocations=8 (full 0):
 PSYoungGen      total 307712K, used 268820K [0x000000076d100000, 0x0000000792a00000, 0x00000007c0000000)
  eden space 257024K, 100% used [0x000000076d100000,0x000000077cc00000,0x000000077cc00000)
  from space 50688K, 23% used [0x000000077cc00000,0x000000077d785280,0x000000077fd80000)
  to   space 50688K, 0% used [0x000000078f880000,0x000000078f880000,0x0000000792a00000)
 ParOldGen       total 171008K, used 123835K [0x00000006c7200000, 0x00000006d1900000, 0x000000076d100000)
  object space 171008K, 72% used [0x00000006c7200000,0x00000006ceaeefc8,0x00000006d1900000)
 Metaspace       used 14446K, capacity 14634K, committed 14976K, reserved 1062912K
  class space    used 1778K, capacity 1851K, committed 1920K, reserved 1048576K
Event: 2.646 GC heap after
Heap after GC invocations=8 (full 0):
 PSYoungGen      total 563712K, used 10644K [0x000000076d100000, 0x0000000792900000, 0x00000007c0000000)
  eden space 514048K, 0% used [0x000000076d100000,0x000000076d100000,0x000000078c700000)
  from space 49664K, 21% used [0x000000078f880000,0x00000007902e5280,0x0000000792900000)
  to   space 50176K, 0% used [0x000000078c700000,0x000000078c700000,0x000000078f800000)
 ParOldGen       total 171008K, used 124039K [0x00000006c7200000, 0x00000006d1900000, 0x000000076d100000)
  object space 171008K, 72% used [0x00000006c7200000,0x00000006ceb21fe8,0x00000006d1900000)
 Metaspace       used 14446K, capacity 14634K, committed 14976K, reserved 1062912K
  class space    used 1778K, capacity 1851K, committed 1920K, reserved 1048576K
}
Event: 2.938 GC heap before
{Heap before GC invocations=9 (full 0):
 PSYoungGen      total 563712K, used 524692K [0x000000076d100000, 0x0000000792900000, 0x00000007c0000000)
  eden space 514048K, 100% used [0x000000076d100000,0x000000078c700000,0x000000078c700000)
  from space 49664K, 21% used [0x000000078f880000,0x00000007902e5280,0x0000000792900000)
  to   space 50176K, 0% used [0x000000078c700000,0x000000078c700000,0x000000078f800000)
 ParOldGen       total 171008K, used 124044K [0x00000006c7200000, 0x00000006d1900000, 0x000000076d100000)
  object space 171008K, 72% used [0x00000006c7200000,0x00000006ceb23100,0x00000006d1900000)
 Metaspace       used 14678K, capacity 14826K, committed 14976K, reserved 1062912K
  class space    used 1798K, capacity 1851K, committed 1920K, reserved 1048576K
Event: 2.953 GC heap after
Heap after GC invocations=9 (full 0):
 PSYoungGen      total 564224K, used 6438K [0x000000076d100000, 0x00000007a5780000, 0x00000007c0000000)
  eden space 514048K, 0% used [0x000000076d100000,0x000000076d100000,0x000000078c700000)
  from space 50176K, 12% used [0x000000078c700000,0x000000078cd499b0,0x000000078f800000)
  to   space 50688K, 0% used [0x00000007a2600000,0x00000007a2600000,0x00000007a5780000)
 ParOldGen       total 171008K, used 133808K [0x00000006c7200000, 0x00000006d1900000, 0x000000076d100000)
  object space 171008K, 78% used [0x00000006c7200000,0x00000006cf4ac388,0x00000006d1900000)
 Metaspace       used 14678K, capacity 14826K, committed 14976K, reserved 1062912K
  class space    used 1798K, capacity 1851K, committed 1920K, reserved 1048576K
}
Event: 2.953 GC heap before
{Heap before GC invocations=10 (full 1):
 PSYoungGen      total 564224K, used 6438K [0x000000076d100000, 0x00000007a5780000, 0x00000007c0000000)
  eden space 514048K, 0% used [0x000000076d100000,0x000000076d100000,0x000000078c700000)
  from space 50176K, 12% used [0x000000078c700000,0x000000078cd499b0,0x000000078f800000)
  to   space 50688K, 0% used [0x00000007a2600000,0x00000007a2600000,0x00000007a5780000)
 ParOldGen       total 171008K, used 133808K [0x00000006c7200000, 0x00000006d1900000, 0x000000076d100000)
  object space 171008K, 78% used [0x00000006c7200000,0x00000006cf4ac388,0x00000006d1900000)
 Metaspace       used 14678K, capacity 14826K, committed 14976K, reserved 1062912K
  class space    used 1798K, capacity 1851K, committed 1920K, reserved 1048576K
Event: 3.014 GC heap after
Heap after GC invocations=10 (full 1):
 PSYoungGen      total 564224K, used 0K [0x000000076d100000, 0x00000007a5780000, 0x00000007c0000000)
  eden space 514048K, 0% used [0x000000076d100000,0x000000076d100000,0x000000078c700000)
  from space 50176K, 0% used [0x000000078c700000,0x000000078c700000,0x000000078f800000)
  to   space 50688K, 0% used [0x00000007a2600000,0x00000007a2600000,0x00000007a5780000)
 ParOldGen       total 181760K, used 64313K [0x00000006c7200000, 0x00000006d2380000, 0x000000076d100000)
  object space 181760K, 35% used [0x00000006c7200000,0x00000006cb0ce4e8,0x00000006d2380000)
 Metaspace       used 14678K, capacity 14826K, committed 14976K, reserved 1062912K
  class space    used 1798K, capacity 1851K, committed 1920K, reserved 1048576K
}
Event: 3.132 GC heap before
{Heap before GC invocations=11 (full 1):
 PSYoungGen      total 564224K, used 514048K [0x000000076d100000, 0x00000007a5780000, 0x00000007c0000000)
  eden space 514048K, 100% used [0x000000076d100000,0x000000078c700000,0x000000078c700000)
  from space 50176K, 0% used [0x000000078c700000,0x000000078c700000,0x000000078f800000)
  to   space 50688K, 0% used [0x00000007a2600000,0x00000007a2600000,0x00000007a5780000)
 ParOldGen       total 181760K, used 66409K [0x00000006c7200000, 0x00000006d2380000, 0x000000076d100000)
  object space 181760K, 36% used [0x00000006c7200000,0x00000006cb2da618,0x00000006d2380000)
 Metaspace       used 14679K, capacity 14826K, committed 14976K, reserved 1062912K
  class space    used 1798K, capacity 1851K, committed 1920K, reserved 1048576K
Event: 3.133 GC heap after
Heap after GC invocations=11 (full 1):
 PSYoungGen      total 743424K, used 2688K [0x000000076d100000, 0x00000007a2900000, 0x00000007c0000000)
  eden space 740352K, 0% used [0x000000076d100000,0x000000076d100000,0x000000079a400000)
  from space 3072K, 87% used [0x00000007a2600000,0x00000007a28a0000,0x00000007a2900000)
  to   space 50688K, 0% used [0x000000079c600000,0x000000079c600000,0x000000079f780000)
 ParOldGen       total 181760K, used 66417K [0x00000006c7200000, 0x00000006d2380000, 0x000000076d100000)
  object space 181760K, 36% used [0x00000006c7200000,0x00000006cb2dc618,0x00000006d2380000)
 Metaspace       used 14679K, capacity 14826K, committed 14976K, reserved 1062912K
  class space    used 1798K, capacity 1851K, committed 1920K, reserved 1048576K
}
Event: 3.364 GC heap before
{Heap before GC invocations=12 (full 1):
 PSYoungGen      total 743424K, used 743040K [0x000000076d100000, 0x00000007a2900000, 0x00000007c0000000)
  eden space 740352K, 100% used [0x000000076d100000,0x000000079a400000,0x000000079a400000)
  from space 3072K, 87% used [0x00000007a2600000,0x00000007a28a0000,0x00000007a2900000)
  to   space 50688K, 0% used [0x000000079c600000,0x000000079c600000,0x000000079f780000)
 ParOldGen       total 181760K, used 66673K [0x00000006c7200000, 0x00000006d2380000, 0x000000076d100000)
  object space 181760K, 36% used [0x00000006c7200000,0x00000006cb31c5d8,0x00000006d2380000)
 Metaspace       used 14680K, capacity 14826K, committed 14976K, reserved 1062912K
  class space    used 1800K, capacity 1851K, committed 1920K, reserved 1048576K

