# JRE version: Java(TM) SE Runtime Environment (8.0_60-b27) (build 1.8.0_60-b27)
# Java VM: Java HotSpot(TM) 64-Bit Server VM (25.60-b23 mixed mode linux-amd64 compressed oops)
Heap:
 PSYoungGen      total 300032K, used 15209K [0x000000076d100000, 0x0000000782100000, 0x00000007c0000000)
  eden space 257024K, 0% used [0x000000076d100000,0x000000076d100000,0x000000077cc00000)
  from space 43008K, 35% used [0x000000077cc00000,0x000000077dada7e0,0x000000077f600000)
  to   space 41984K, 0% used [0x000000077f600000,0x000000077f600000,0x0000000781f00000)
 ParOldGen       total 171008K, used 84331K [0x00000006c7200000, 0x00000006d1900000, 0x000000076d100000)
  object space 171008K, 49% used [0x00000006c7200000,0x00000006cc45ac58,0x00000006d1900000)
 Metaspace       used 14526K, capacity 14704K, committed 14976K, reserved 1062912K
  class space    used 1772K, capacity 1852K, committed 1920K, reserved 1048576K
GC Heap History (10 events):
Event: 11.255 GC heap after
Heap after GC invocations=2 (full 0):
 PSYoungGen      total 74752K, used 10215K [0x000000076d100000, 0x0000000772400000, 0x00000007c0000000)
  eden space 64512K, 0% used [0x000000076d100000,0x000000076d100000,0x0000000771000000)
  from space 10240K, 99% used [0x0000000771a00000,0x00000007723f9da8,0x0000000772400000)
  to   space 10240K, 0% used [0x0000000771000000,0x0000000771000000,0x0000000771a00000)
 ParOldGen       total 171008K, used 23988K [0x00000006c7200000, 0x00000006d1900000, 0x000000076d100000)
  object space 171008K, 14% used [0x00000006c7200000,0x00000006c896d3c0,0x00000006d1900000)
 Metaspace       used 12936K, capacity 13162K, committed 13440K, reserved 1060864K
  class space    used 1576K, capacity 1659K, committed 1664K, reserved 1048576K
}
Event: 11.299 GC heap before
{Heap before GC invocations=3 (full 0):
 PSYoungGen      total 74752K, used 74727K [0x000000076d100000, 0x0000000772400000, 0x00000007c0000000)
  eden space 64512K, 100% used [0x000000076d100000,0x0000000771000000,0x0000000771000000)
  from space 10240K, 99% used [0x0000000771a00000,0x00000007723f9da8,0x0000000772400000)
  to   space 10240K, 0% used [0x0000000771000000,0x0000000771000000,0x0000000771a00000)
 ParOldGen       total 171008K, used 23988K [0x00000006c7200000, 0x00000006d1900000, 0x000000076d100000)
  object space 171008K, 14% used [0x00000006c7200000,0x00000006c896d3c0,0x00000006d1900000)
 Metaspace       used 13020K, capacity 13226K, committed 13440K, reserved 1060864K
  class space    used 1576K, capacity 1659K, committed 1664K, reserved 1048576K
Event: 11.318 GC heap after
Heap after GC invocations=3 (full 0):
 PSYoungGen      total 74752K, used 10228K [0x000000076d100000, 0x0000000776300000, 0x00000007c0000000)
  eden space 64512K, 0% used [0x000000076d100000,0x000000076d100000,0x0000000771000000)
  from space 10240K, 99% used [0x0000000771000000,0x00000007719fd1e0,0x0000000771a00000)
  to   space 10240K, 0% used [0x0000000775900000,0x0000000775900000,0x0000000776300000)
 ParOldGen       total 171008K, used 51429K [0x00000006c7200000, 0x00000006d1900000, 0x000000076d100000)
  object space 171008K, 30% used [0x00000006c7200000,0x00000006ca439768,0x00000006d1900000)
 Metaspace       used 13020K, capacity 13226K, committed 13440K, reserved 1060864K
  class space    used 1576K, capacity 1659K, committed 1664K, reserved 1048576K
}
Event: 11.393 GC heap before
{Heap before GC invocations=4 (full 0):
 PSYoungGen      total 74752K, used 74740K [0x000000076d100000, 0x0000000776300000, 0x00000007c0000000)
  eden space 64512K, 100% used [0x000000076d100000,0x0000000771000000,0x0000000771000000)
  from space 10240K, 99% used [0x0000000771000000,0x00000007719fd1e0,0x0000000771a00000)
  to   space 10240K, 0% used [0x0000000775900000,0x0000000775900000,0x0000000776300000)
 ParOldGen       total 171008K, used 51429K [0x00000006c7200000, 0x00000006d1900000, 0x000000076d100000)
  object space 171008K, 30% used [0x00000006c7200000,0x00000006ca439768,0x00000006d1900000)
 Metaspace       used 13253K, capacity 13418K, committed 13696K, reserved 1060864K
  class space    used 1597K, capacity 1659K, committed 1664K, reserved 1048576K
Event: 11.407 GC heap after
Heap after GC invocations=4 (full 0):
 PSYoungGen      total 139264K, used 10226K [0x000000076d100000, 0x0000000776300000, 0x00000007c0000000)
  eden space 129024K, 0% used [0x000000076d100000,0x000000076d100000,0x0000000774f00000)
  from space 10240K, 99% used [0x0000000775900000,0x00000007762fcac0,0x0000000776300000)
  to   space 10240K, 0% used [0x0000000774f00000,0x0000000774f00000,0x0000000775900000)
 ParOldGen       total 171008K, used 71823K [0x00000006c7200000, 0x00000006d1900000, 0x000000076d100000)
  object space 171008K, 41% used [0x00000006c7200000,0x00000006cb823c88,0x00000006d1900000)
 Metaspace       used 13253K, capacity 13418K, committed 13696K, reserved 1060864K
  class space    used 1597K, capacity 1659K, committed 1664K, reserved 1048576K
}
Event: 11.648 GC heap before
{Heap before GC invocations=5 (full 0):
 PSYoungGen      total 139264K, used 139250K [0x000000076d100000, 0x0000000776300000, 0x00000007c0000000)
  eden space 129024K, 100% used [0x000000076d100000,0x0000000774f00000,0x0000000774f00000)
  from space 10240K, 99% used [0x0000000775900000,0x00000007762fcac0,0x0000000776300000)
  to   space 10240K, 0% used [0x0000000774f00000,0x0000000774f00000,0x0000000775900000)
 ParOldGen       total 171008K, used 71839K [0x00000006c7200000, 0x00000006d1900000, 0x000000076d100000)
  object space 171008K, 42% used [0x00000006c7200000,0x00000006cb827de8,0x00000006d1900000)
 Metaspace       used 13652K, capacity 13834K, committed 14080K, reserved 1060864K
  class space    used 1635K, capacity 1691K, committed 1792K, reserved 1048576K
Event: 11.755 GC heap after
Heap after GC invocations=5 (full 0):
 PSYoungGen      total 139264K, used 10208K [0x000000076d100000, 0x0000000781f00000, 0x00000007c0000000)
  eden space 129024K, 0% used [0x000000076d100000,0x000000076d100000,0x0000000774f00000)
  from space 10240K, 99% used [0x0000000774f00000,0x00000007758f82f0,0x0000000775900000)
  to   space 41984K, 0% used [0x000000077f600000,0x000000077f600000,0x0000000781f00000)
 ParOldGen       total 171008K, used 78313K [0x00000006c7200000, 0x00000006d1900000, 0x000000076d100000)
  object space 171008K, 45% used [0x00000006c7200000,0x00000006cbe7a6b8,0x00000006d1900000)
 Metaspace       used 13652K, capacity 13834K, committed 14080K, reserved 1060864K
  class space    used 1635K, capacity 1691K, committed 1792K, reserved 1048576K
}
Event: 12.068 GC heap before
{Heap before GC invocations=6 (full 0):
 PSYoungGen      total 139264K, used 139232K [0x000000076d100000, 0x0000000781f00000, 0x00000007c0000000)
  eden space 129024K, 100% used [0x000000076d100000,0x0000000774f00000,0x0000000774f00000)
  from space 10240K, 99% used [0x0000000774f00000,0x00000007758f82f0,0x0000000775900000)
  to   space 41984K, 0% used [0x000000077f600000,0x000000077f600000,0x0000000781f00000)
 ParOldGen       total 171008K, used 78406K [0x00000006c7200000, 0x00000006d1900000, 0x000000076d100000)
  object space 171008K, 45% used [0x00000006c7200000,0x00000006cbe91ad8,0x00000006d1900000)
 Metaspace       used 13833K, capacity 13994K, committed 14336K, reserved 1062912K
  class space    used 1653K, capacity 1723K, committed 1792K, reserved 1048576K
Event: 12.076 GC heap after
Heap after GC invocations=6 (full 0):
 PSYoungGen      total 299008K, used 9511K [0x000000076d100000, 0x0000000782100000, 0x00000007c0000000)
  eden space 257024K, 0% used [0x000000076d100000,0x000000076d100000,0x000000077cc00000)
  from space 41984K, 22% used [0x000000077f600000,0x000000077ff49fa0,0x0000000781f00000)
  to   space 43008K, 0% used [0x000000077cc00000,0x000000077cc00000,0x000000077f600000)
 ParOldGen       total 171008K, used 78414K [0x00000006c7200000, 0x00000006d1900000, 0x000000076d100000)
  object space 171008K, 45% used [0x00000006c7200000,0x00000006cbe93ad8,0x00000006d1900000)
 Metaspace       used 13833K, capacity 13994K, committed 14336K, reserved 1062912K
  class space    used 1653K, capacity 1723K, committed 1792K, reserved 1048576K
}
Event: 12.636 GC heap before
{Heap before GC invocations=7 (full 0):
 PSYoungGen      total 299008K, used 266535K [0x000000076d100000, 0x0000000782100000, 0x00000007c0000000)
  eden space 257024K, 100% used [0x000000076d100000,0x000000077cc00000,0x000000077cc00000)
  from space 41984K, 22% used [0x000000077f600000,0x000000077ff49fa0,0x0000000781f00000)
  to   space 43008K, 0% used [0x000000077cc00000,0x000000077cc00000,0x000000077f600000)
 ParOldGen       total 171008K, used 80978K [0x00000006c7200000, 0x00000006d1900000, 0x000000076d100000)
  object space 171008K, 47% used [0x00000006c7200000,0x00000006cc114b88,0x00000006d1900000)
 Metaspace       used 14526K, capacity 14704K, committed 14976K, reserved 1062912K
  class space    used 1772K, capacity 1852K, committed 1920K, reserved 1048576K

